<?xml version="1.0" encoding="UTF-8"?>
<!-- Generated by org.testng.reporters.JUnitReportReporter -->
<testsuite hostname="mounika" failures="0" tests="35" name="NewsappWeb.newsAppAndroidMobileTset" time="199.991" errors="28" timestamp="2021-12-29T19:24:16 IST" skipped="0">
  <testcase classname="NewsappWeb.newsAppAndroidMobileTset" name="TC_029" time="1.521">
    <error message="An unknown server-side error occurred while processing the command. Original error: &#039;POST /element&#039; cannot be proxied to UiAutomator2 server because the instrumentation process is not running (probably crashed). Check the server log and/or the logcat output for more details
Build info: version: &#039;3.141.59&#039;, revision: &#039;e82be7d358&#039;, time: &#039;2018-11-14T08:17:03&#039;
System info: host: &#039;mounika&#039;, ip: &#039;127.0.1.1&#039;, os.name: &#039;Linux&#039;, os.arch: &#039;amd64&#039;, os.version: &#039;5.4.0-91-generic&#039;, java.version: &#039;17.0.1&#039;
Driver info: io.appium.java_client.android.AndroidDriver
Capabilities {Devicename: Nokia 3, Platformname: Android, Platformversion: 9, UDID: NE1GAM4791101518, appactivity: com.jaffar.today.activities..., apppackage: com.jaffar.news, databaseEnabled: false, desired: {Devicename: Nokia 3, Platformname: Android, Platformversion: 9, UDID: NE1GAM4791101518, appactivity: com.jaffar.today.activities..., apppackage: com.jaffar.news, platformName: android}, deviceApiLevel: 28, deviceManufacturer: HMD Global, deviceModel: TA-1032, deviceName: NE1GAM4791101518, deviceScreenDensity: 320, deviceScreenSize: 720x1280, deviceUDID: NE1GAM4791101518, javascriptEnabled: true, locationContextEnabled: false, networkConnectionEnabled: true, pixelRatio: 2, platform: LINUX, platformName: Android, platformVersion: 9, statBarHeight: 48, takesScreenshot: true, viewportRect: {height: 1232, left: 0, top: 48, width: 720}, warnings: {}, webStorageEnabled: false}
Session ID: b619723a-2354-48c1-a203-06df2b60806b
*** Element info: {Using=id, value=com.jaffar.news:id/back}" type="org.openqa.selenium.WebDriverException">
      <![CDATA[org.openqa.selenium.WebDriverException: An unknown server-side error occurred while processing the command. Original error: 'POST /element' cannot be proxied to UiAutomator2 server because the instrumentation process is not running (probably crashed). Check the server log and/or the logcat output for more details
Build info: version: '3.141.59', revision: 'e82be7d358', time: '2018-11-14T08:17:03'
System info: host: 'mounika', ip: '127.0.1.1', os.name: 'Linux', os.arch: 'amd64', os.version: '5.4.0-91-generic', java.version: '17.0.1'
Driver info: io.appium.java_client.android.AndroidDriver
Capabilities {Devicename: Nokia 3, Platformname: Android, Platformversion: 9, UDID: NE1GAM4791101518, appactivity: com.jaffar.today.activities..., apppackage: com.jaffar.news, databaseEnabled: false, desired: {Devicename: Nokia 3, Platformname: Android, Platformversion: 9, UDID: NE1GAM4791101518, appactivity: com.jaffar.today.activities..., apppackage: com.jaffar.news, platformName: android}, deviceApiLevel: 28, deviceManufacturer: HMD Global, deviceModel: TA-1032, deviceName: NE1GAM4791101518, deviceScreenDensity: 320, deviceScreenSize: 720x1280, deviceUDID: NE1GAM4791101518, javascriptEnabled: true, locationContextEnabled: false, networkConnectionEnabled: true, pixelRatio: 2, platform: LINUX, platformName: Android, platformVersion: 9, statBarHeight: 48, takesScreenshot: true, viewportRect: {height: 1232, left: 0, top: 48, width: 720}, warnings: {}, webStorageEnabled: false}
Session ID: b619723a-2354-48c1-a203-06df2b60806b
*** Element info: {Using=id, value=com.jaffar.news:id/back}
at jdk.internal.reflect.GeneratedConstructorAccessor27.newInstance(Unknown Source)
at java.base/jdk.internal.reflect.DelegatingConstructorAccessorImpl.newInstance(DelegatingConstructorAccessorImpl.java:45)
at java.base/java.lang.reflect.Constructor.newInstanceWithCaller(Constructor.java:499)
at java.base/java.lang.reflect.Constructor.newInstance(Constructor.java:480)
at org.openqa.selenium.remote.http.W3CHttpResponseCodec.createException(W3CHttpResponseCodec.java:187)
at org.openqa.selenium.remote.http.W3CHttpResponseCodec.decode(W3CHttpResponseCodec.java:122)
at org.openqa.selenium.remote.http.W3CHttpResponseCodec.decode(W3CHttpResponseCodec.java:49)
at org.openqa.selenium.remote.HttpCommandExecutor.execute(HttpCommandExecutor.java:158)
at io.appium.java_client.remote.AppiumCommandExecutor.execute(AppiumCommandExecutor.java:250)
at org.openqa.selenium.remote.RemoteWebDriver.execute(RemoteWebDriver.java:552)
at io.appium.java_client.DefaultGenericMobileDriver.execute(DefaultGenericMobileDriver.java:41)
at io.appium.java_client.AppiumDriver.execute(AppiumDriver.java:1)
at io.appium.java_client.android.AndroidDriver.execute(AndroidDriver.java:1)
at org.openqa.selenium.remote.RemoteWebDriver.findElement(RemoteWebDriver.java:323)
at io.appium.java_client.DefaultGenericMobileDriver.findElement(DefaultGenericMobileDriver.java:61)
at io.appium.java_client.AppiumDriver.findElement(AppiumDriver.java:1)
at io.appium.java_client.android.AndroidDriver.findElement(AndroidDriver.java:1)
at org.openqa.selenium.remote.RemoteWebDriver.findElementById(RemoteWebDriver.java:372)
at io.appium.java_client.DefaultGenericMobileDriver.findElementById(DefaultGenericMobileDriver.java:69)
at io.appium.java_client.AppiumDriver.findElementById(AppiumDriver.java:1)
at io.appium.java_client.android.AndroidDriver.findElementById(AndroidDriver.java:1)
at NewsappWeb.newsAppAndroidMobileTset.TC_029(newsAppAndroidMobileTset.java:1221)
at java.base/jdk.internal.reflect.NativeMethodAccessorImpl.invoke0(Native Method)
at java.base/jdk.internal.reflect.NativeMethodAccessorImpl.invoke(NativeMethodAccessorImpl.java:77)
at java.base/jdk.internal.reflect.DelegatingMethodAccessorImpl.invoke(DelegatingMethodAccessorImpl.java:43)
at java.base/java.lang.reflect.Method.invoke(Method.java:568)
at org.testng.internal.MethodInvocationHelper.invokeMethod(MethodInvocationHelper.java:133)
at org.testng.internal.TestInvoker.invokeMethod(TestInvoker.java:598)
at org.testng.internal.TestInvoker.invokeTestMethod(TestInvoker.java:173)
at org.testng.internal.MethodRunner.runInSequence(MethodRunner.java:46)
at org.testng.internal.TestInvoker$MethodInvocationAgent.invoke(TestInvoker.java:824)
at org.testng.internal.TestInvoker.invokeTestMethods(TestInvoker.java:146)
at org.testng.internal.TestMethodWorker.invokeTestMethods(TestMethodWorker.java:146)
at org.testng.internal.TestMethodWorker.run(TestMethodWorker.java:128)
at java.base/java.util.ArrayList.forEach(ArrayList.java:1511)
at org.testng.TestRunner.privateRun(TestRunner.java:794)
at org.testng.TestRunner.run(TestRunner.java:596)
at org.testng.SuiteRunner.runTest(SuiteRunner.java:377)
at org.testng.SuiteRunner.runSequentially(SuiteRunner.java:371)
at org.testng.SuiteRunner.privateRun(SuiteRunner.java:332)
at org.testng.SuiteRunner.run(SuiteRunner.java:276)
at org.testng.SuiteRunnerWorker.runSuite(SuiteRunnerWorker.java:53)
at org.testng.SuiteRunnerWorker.run(SuiteRunnerWorker.java:96)
at org.testng.TestNG.runSuitesSequentially(TestNG.java:1212)
at org.testng.TestNG.runSuitesLocally(TestNG.java:1134)
at org.testng.TestNG.runSuites(TestNG.java:1063)
at org.testng.TestNG.run(TestNG.java:1031)
at org.testng.remote.AbstractRemoteTestNG.run(AbstractRemoteTestNG.java:115)
at org.testng.remote.RemoteTestNG.initAndRun(RemoteTestNG.java:251)
at org.testng.remote.RemoteTestNG.main(RemoteTestNG.java:77)
]]>
    </error>
  </testcase> <!-- TC_029 -->
  <system-out/>
  <testcase classname="NewsappWeb.newsAppAndroidMobileTset" name="TC_011" time="4.955">
    <error message="An unknown server-side error occurred while processing the command. Original error: Could not proxy command to the remote server. Original error: socket hang up
Build info: version: &#039;3.141.59&#039;, revision: &#039;e82be7d358&#039;, time: &#039;2018-11-14T08:17:03&#039;
System info: host: &#039;mounika&#039;, ip: &#039;127.0.1.1&#039;, os.name: &#039;Linux&#039;, os.arch: &#039;amd64&#039;, os.version: &#039;5.4.0-91-generic&#039;, java.version: &#039;17.0.1&#039;
Driver info: io.appium.java_client.android.AndroidDriver
Capabilities {Devicename: Nokia 3, Platformname: Android, Platformversion: 9, UDID: NE1GAM4791101518, appactivity: com.jaffar.today.activities..., apppackage: com.jaffar.news, databaseEnabled: false, desired: {Devicename: Nokia 3, Platformname: Android, Platformversion: 9, UDID: NE1GAM4791101518, appactivity: com.jaffar.today.activities..., apppackage: com.jaffar.news, platformName: android}, deviceApiLevel: 28, deviceManufacturer: HMD Global, deviceModel: TA-1032, deviceName: NE1GAM4791101518, deviceScreenDensity: 320, deviceScreenSize: 720x1280, deviceUDID: NE1GAM4791101518, javascriptEnabled: true, locationContextEnabled: false, networkConnectionEnabled: true, pixelRatio: 2, platform: LINUX, platformName: Android, platformVersion: 9, statBarHeight: 48, takesScreenshot: true, viewportRect: {height: 1232, left: 0, top: 48, width: 720}, warnings: {}, webStorageEnabled: false}
Session ID: b619723a-2354-48c1-a203-06df2b60806b
*** Element info: {Using=xpath, value=//*[@class=&#039;android.widget.TextView&#039; and @bounds=&#039;[40,983][187,1047]&#039;]}" type="org.openqa.selenium.WebDriverException">
      <![CDATA[org.openqa.selenium.WebDriverException: An unknown server-side error occurred while processing the command. Original error: Could not proxy command to the remote server. Original error: socket hang up
Build info: version: '3.141.59', revision: 'e82be7d358', time: '2018-11-14T08:17:03'
System info: host: 'mounika', ip: '127.0.1.1', os.name: 'Linux', os.arch: 'amd64', os.version: '5.4.0-91-generic', java.version: '17.0.1'
Driver info: io.appium.java_client.android.AndroidDriver
Capabilities {Devicename: Nokia 3, Platformname: Android, Platformversion: 9, UDID: NE1GAM4791101518, appactivity: com.jaffar.today.activities..., apppackage: com.jaffar.news, databaseEnabled: false, desired: {Devicename: Nokia 3, Platformname: Android, Platformversion: 9, UDID: NE1GAM4791101518, appactivity: com.jaffar.today.activities..., apppackage: com.jaffar.news, platformName: android}, deviceApiLevel: 28, deviceManufacturer: HMD Global, deviceModel: TA-1032, deviceName: NE1GAM4791101518, deviceScreenDensity: 320, deviceScreenSize: 720x1280, deviceUDID: NE1GAM4791101518, javascriptEnabled: true, locationContextEnabled: false, networkConnectionEnabled: true, pixelRatio: 2, platform: LINUX, platformName: Android, platformVersion: 9, statBarHeight: 48, takesScreenshot: true, viewportRect: {height: 1232, left: 0, top: 48, width: 720}, warnings: {}, webStorageEnabled: false}
Session ID: b619723a-2354-48c1-a203-06df2b60806b
*** Element info: {Using=xpath, value=//*[@class='android.widget.TextView' and @bounds='[40,983][187,1047]']}
at java.base/jdk.internal.reflect.NativeConstructorAccessorImpl.newInstance0(Native Method)
at java.base/jdk.internal.reflect.NativeConstructorAccessorImpl.newInstance(NativeConstructorAccessorImpl.java:77)
at java.base/jdk.internal.reflect.DelegatingConstructorAccessorImpl.newInstance(DelegatingConstructorAccessorImpl.java:45)
at java.base/java.lang.reflect.Constructor.newInstanceWithCaller(Constructor.java:499)
at java.base/java.lang.reflect.Constructor.newInstance(Constructor.java:480)
at org.openqa.selenium.remote.http.W3CHttpResponseCodec.createException(W3CHttpResponseCodec.java:187)
at org.openqa.selenium.remote.http.W3CHttpResponseCodec.decode(W3CHttpResponseCodec.java:122)
at org.openqa.selenium.remote.http.W3CHttpResponseCodec.decode(W3CHttpResponseCodec.java:49)
at org.openqa.selenium.remote.HttpCommandExecutor.execute(HttpCommandExecutor.java:158)
at io.appium.java_client.remote.AppiumCommandExecutor.execute(AppiumCommandExecutor.java:250)
at org.openqa.selenium.remote.RemoteWebDriver.execute(RemoteWebDriver.java:552)
at io.appium.java_client.DefaultGenericMobileDriver.execute(DefaultGenericMobileDriver.java:41)
at io.appium.java_client.AppiumDriver.execute(AppiumDriver.java:1)
at io.appium.java_client.android.AndroidDriver.execute(AndroidDriver.java:1)
at org.openqa.selenium.remote.RemoteWebDriver.findElement(RemoteWebDriver.java:323)
at io.appium.java_client.DefaultGenericMobileDriver.findElement(DefaultGenericMobileDriver.java:61)
at io.appium.java_client.AppiumDriver.findElement(AppiumDriver.java:1)
at io.appium.java_client.android.AndroidDriver.findElement(AndroidDriver.java:1)
at org.openqa.selenium.remote.RemoteWebDriver.findElementByXPath(RemoteWebDriver.java:428)
at io.appium.java_client.DefaultGenericMobileDriver.findElementByXPath(DefaultGenericMobileDriver.java:151)
at io.appium.java_client.AppiumDriver.findElementByXPath(AppiumDriver.java:1)
at io.appium.java_client.android.AndroidDriver.findElementByXPath(AndroidDriver.java:1)
at NewsappWeb.newsAppAndroidMobileTset.TC_011(newsAppAndroidMobileTset.java:511)
at java.base/jdk.internal.reflect.NativeMethodAccessorImpl.invoke0(Native Method)
at java.base/jdk.internal.reflect.NativeMethodAccessorImpl.invoke(NativeMethodAccessorImpl.java:77)
at java.base/jdk.internal.reflect.DelegatingMethodAccessorImpl.invoke(DelegatingMethodAccessorImpl.java:43)
at java.base/java.lang.reflect.Method.invoke(Method.java:568)
at org.testng.internal.MethodInvocationHelper.invokeMethod(MethodInvocationHelper.java:133)
at org.testng.internal.TestInvoker.invokeMethod(TestInvoker.java:598)
at org.testng.internal.TestInvoker.invokeTestMethod(TestInvoker.java:173)
at org.testng.internal.MethodRunner.runInSequence(MethodRunner.java:46)
at org.testng.internal.TestInvoker$MethodInvocationAgent.invoke(TestInvoker.java:824)
at org.testng.internal.TestInvoker.invokeTestMethods(TestInvoker.java:146)
at org.testng.internal.TestMethodWorker.invokeTestMethods(TestMethodWorker.java:146)
at org.testng.internal.TestMethodWorker.run(TestMethodWorker.java:128)
at java.base/java.util.ArrayList.forEach(ArrayList.java:1511)
at org.testng.TestRunner.privateRun(TestRunner.java:794)
at org.testng.TestRunner.run(TestRunner.java:596)
at org.testng.SuiteRunner.runTest(SuiteRunner.java:377)
at org.testng.SuiteRunner.runSequentially(SuiteRunner.java:371)
at org.testng.SuiteRunner.privateRun(SuiteRunner.java:332)
at org.testng.SuiteRunner.run(SuiteRunner.java:276)
at org.testng.SuiteRunnerWorker.runSuite(SuiteRunnerWorker.java:53)
at org.testng.SuiteRunnerWorker.run(SuiteRunnerWorker.java:96)
at org.testng.TestNG.runSuitesSequentially(TestNG.java:1212)
at org.testng.TestNG.runSuitesLocally(TestNG.java:1134)
at org.testng.TestNG.runSuites(TestNG.java:1063)
at org.testng.TestNG.run(TestNG.java:1031)
at org.testng.remote.AbstractRemoteTestNG.run(AbstractRemoteTestNG.java:115)
at org.testng.remote.RemoteTestNG.initAndRun(RemoteTestNG.java:251)
at org.testng.remote.RemoteTestNG.main(RemoteTestNG.java:77)
]]>
    </error>
  </testcase> <!-- TC_011 -->
  <system-out/>
  <testcase classname="NewsappWeb.newsAppAndroidMobileTset" name="TC_005" time="6.078"/>
  <system-out/>
  <testcase classname="NewsappWeb.newsAppAndroidMobileTset" name="TC_020" time="1.517">
    <error message="An unknown server-side error occurred while processing the command. Original error: &#039;POST /element&#039; cannot be proxied to UiAutomator2 server because the instrumentation process is not running (probably crashed). Check the server log and/or the logcat output for more details
Build info: version: &#039;3.141.59&#039;, revision: &#039;e82be7d358&#039;, time: &#039;2018-11-14T08:17:03&#039;
System info: host: &#039;mounika&#039;, ip: &#039;127.0.1.1&#039;, os.name: &#039;Linux&#039;, os.arch: &#039;amd64&#039;, os.version: &#039;5.4.0-91-generic&#039;, java.version: &#039;17.0.1&#039;
Driver info: io.appium.java_client.android.AndroidDriver
Capabilities {Devicename: Nokia 3, Platformname: Android, Platformversion: 9, UDID: NE1GAM4791101518, appactivity: com.jaffar.today.activities..., apppackage: com.jaffar.news, databaseEnabled: false, desired: {Devicename: Nokia 3, Platformname: Android, Platformversion: 9, UDID: NE1GAM4791101518, appactivity: com.jaffar.today.activities..., apppackage: com.jaffar.news, platformName: android}, deviceApiLevel: 28, deviceManufacturer: HMD Global, deviceModel: TA-1032, deviceName: NE1GAM4791101518, deviceScreenDensity: 320, deviceScreenSize: 720x1280, deviceUDID: NE1GAM4791101518, javascriptEnabled: true, locationContextEnabled: false, networkConnectionEnabled: true, pixelRatio: 2, platform: LINUX, platformName: Android, platformVersion: 9, statBarHeight: 48, takesScreenshot: true, viewportRect: {height: 1232, left: 0, top: 48, width: 720}, warnings: {}, webStorageEnabled: false}
Session ID: b619723a-2354-48c1-a203-06df2b60806b
*** Element info: {Using=xpath, value=//android.widget.TextView[contains(@text,&#039;Achievement&#039;)]}" type="org.openqa.selenium.WebDriverException">
      <![CDATA[org.openqa.selenium.WebDriverException: An unknown server-side error occurred while processing the command. Original error: 'POST /element' cannot be proxied to UiAutomator2 server because the instrumentation process is not running (probably crashed). Check the server log and/or the logcat output for more details
Build info: version: '3.141.59', revision: 'e82be7d358', time: '2018-11-14T08:17:03'
System info: host: 'mounika', ip: '127.0.1.1', os.name: 'Linux', os.arch: 'amd64', os.version: '5.4.0-91-generic', java.version: '17.0.1'
Driver info: io.appium.java_client.android.AndroidDriver
Capabilities {Devicename: Nokia 3, Platformname: Android, Platformversion: 9, UDID: NE1GAM4791101518, appactivity: com.jaffar.today.activities..., apppackage: com.jaffar.news, databaseEnabled: false, desired: {Devicename: Nokia 3, Platformname: Android, Platformversion: 9, UDID: NE1GAM4791101518, appactivity: com.jaffar.today.activities..., apppackage: com.jaffar.news, platformName: android}, deviceApiLevel: 28, deviceManufacturer: HMD Global, deviceModel: TA-1032, deviceName: NE1GAM4791101518, deviceScreenDensity: 320, deviceScreenSize: 720x1280, deviceUDID: NE1GAM4791101518, javascriptEnabled: true, locationContextEnabled: false, networkConnectionEnabled: true, pixelRatio: 2, platform: LINUX, platformName: Android, platformVersion: 9, statBarHeight: 48, takesScreenshot: true, viewportRect: {height: 1232, left: 0, top: 48, width: 720}, warnings: {}, webStorageEnabled: false}
Session ID: b619723a-2354-48c1-a203-06df2b60806b
*** Element info: {Using=xpath, value=//android.widget.TextView[contains(@text,'Achievement')]}
at java.base/jdk.internal.reflect.NativeConstructorAccessorImpl.newInstance0(Native Method)
at java.base/jdk.internal.reflect.NativeConstructorAccessorImpl.newInstance(NativeConstructorAccessorImpl.java:77)
at java.base/jdk.internal.reflect.DelegatingConstructorAccessorImpl.newInstance(DelegatingConstructorAccessorImpl.java:45)
at java.base/java.lang.reflect.Constructor.newInstanceWithCaller(Constructor.java:499)
at java.base/java.lang.reflect.Constructor.newInstance(Constructor.java:480)
at org.openqa.selenium.remote.http.W3CHttpResponseCodec.createException(W3CHttpResponseCodec.java:187)
at org.openqa.selenium.remote.http.W3CHttpResponseCodec.decode(W3CHttpResponseCodec.java:122)
at org.openqa.selenium.remote.http.W3CHttpResponseCodec.decode(W3CHttpResponseCodec.java:49)
at org.openqa.selenium.remote.HttpCommandExecutor.execute(HttpCommandExecutor.java:158)
at io.appium.java_client.remote.AppiumCommandExecutor.execute(AppiumCommandExecutor.java:250)
at org.openqa.selenium.remote.RemoteWebDriver.execute(RemoteWebDriver.java:552)
at io.appium.java_client.DefaultGenericMobileDriver.execute(DefaultGenericMobileDriver.java:41)
at io.appium.java_client.AppiumDriver.execute(AppiumDriver.java:1)
at io.appium.java_client.android.AndroidDriver.execute(AndroidDriver.java:1)
at org.openqa.selenium.remote.RemoteWebDriver.findElement(RemoteWebDriver.java:323)
at io.appium.java_client.DefaultGenericMobileDriver.findElement(DefaultGenericMobileDriver.java:61)
at io.appium.java_client.AppiumDriver.findElement(AppiumDriver.java:1)
at io.appium.java_client.android.AndroidDriver.findElement(AndroidDriver.java:1)
at org.openqa.selenium.remote.RemoteWebDriver.findElementByXPath(RemoteWebDriver.java:428)
at io.appium.java_client.DefaultGenericMobileDriver.findElementByXPath(DefaultGenericMobileDriver.java:151)
at io.appium.java_client.AppiumDriver.findElementByXPath(AppiumDriver.java:1)
at io.appium.java_client.android.AndroidDriver.findElementByXPath(AndroidDriver.java:1)
at NewsappWeb.newsAppAndroidMobileTset.TC_020(newsAppAndroidMobileTset.java:803)
at java.base/jdk.internal.reflect.NativeMethodAccessorImpl.invoke0(Native Method)
at java.base/jdk.internal.reflect.NativeMethodAccessorImpl.invoke(NativeMethodAccessorImpl.java:77)
at java.base/jdk.internal.reflect.DelegatingMethodAccessorImpl.invoke(DelegatingMethodAccessorImpl.java:43)
at java.base/java.lang.reflect.Method.invoke(Method.java:568)
at org.testng.internal.MethodInvocationHelper.invokeMethod(MethodInvocationHelper.java:133)
at org.testng.internal.TestInvoker.invokeMethod(TestInvoker.java:598)
at org.testng.internal.TestInvoker.invokeTestMethod(TestInvoker.java:173)
at org.testng.internal.MethodRunner.runInSequence(MethodRunner.java:46)
at org.testng.internal.TestInvoker$MethodInvocationAgent.invoke(TestInvoker.java:824)
at org.testng.internal.TestInvoker.invokeTestMethods(TestInvoker.java:146)
at org.testng.internal.TestMethodWorker.invokeTestMethods(TestMethodWorker.java:146)
at org.testng.internal.TestMethodWorker.run(TestMethodWorker.java:128)
at java.base/java.util.ArrayList.forEach(ArrayList.java:1511)
at org.testng.TestRunner.privateRun(TestRunner.java:794)
at org.testng.TestRunner.run(TestRunner.java:596)
at org.testng.SuiteRunner.runTest(SuiteRunner.java:377)
at org.testng.SuiteRunner.runSequentially(SuiteRunner.java:371)
at org.testng.SuiteRunner.privateRun(SuiteRunner.java:332)
at org.testng.SuiteRunner.run(SuiteRunner.java:276)
at org.testng.SuiteRunnerWorker.runSuite(SuiteRunnerWorker.java:53)
at org.testng.SuiteRunnerWorker.run(SuiteRunnerWorker.java:96)
at org.testng.TestNG.runSuitesSequentially(TestNG.java:1212)
at org.testng.TestNG.runSuitesLocally(TestNG.java:1134)
at org.testng.TestNG.runSuites(TestNG.java:1063)
at org.testng.TestNG.run(TestNG.java:1031)
at org.testng.remote.AbstractRemoteTestNG.run(AbstractRemoteTestNG.java:115)
at org.testng.remote.RemoteTestNG.initAndRun(RemoteTestNG.java:251)
at org.testng.remote.RemoteTestNG.main(RemoteTestNG.java:77)
]]>
    </error>
  </testcase> <!-- TC_020 -->
  <system-out/>
  <testcase classname="NewsappWeb.newsAppAndroidMobileTset" name="TC_034" time="3.007">
    <error message="An unknown server-side error occurred while processing the command. Original error: &#039;POST /element&#039; cannot be proxied to UiAutomator2 server because the instrumentation process is not running (probably crashed). Check the server log and/or the logcat output for more details
Build info: version: &#039;3.141.59&#039;, revision: &#039;e82be7d358&#039;, time: &#039;2018-11-14T08:17:03&#039;
System info: host: &#039;mounika&#039;, ip: &#039;127.0.1.1&#039;, os.name: &#039;Linux&#039;, os.arch: &#039;amd64&#039;, os.version: &#039;5.4.0-91-generic&#039;, java.version: &#039;17.0.1&#039;
Driver info: io.appium.java_client.android.AndroidDriver
Capabilities {Devicename: Nokia 3, Platformname: Android, Platformversion: 9, UDID: NE1GAM4791101518, appactivity: com.jaffar.today.activities..., apppackage: com.jaffar.news, databaseEnabled: false, desired: {Devicename: Nokia 3, Platformname: Android, Platformversion: 9, UDID: NE1GAM4791101518, appactivity: com.jaffar.today.activities..., apppackage: com.jaffar.news, platformName: android}, deviceApiLevel: 28, deviceManufacturer: HMD Global, deviceModel: TA-1032, deviceName: NE1GAM4791101518, deviceScreenDensity: 320, deviceScreenSize: 720x1280, deviceUDID: NE1GAM4791101518, javascriptEnabled: true, locationContextEnabled: false, networkConnectionEnabled: true, pixelRatio: 2, platform: LINUX, platformName: Android, platformVersion: 9, statBarHeight: 48, takesScreenshot: true, viewportRect: {height: 1232, left: 0, top: 48, width: 720}, warnings: {}, webStorageEnabled: false}
Session ID: b619723a-2354-48c1-a203-06df2b60806b
*** Element info: {Using=id, value=com.jaffar.news:id/menu_icon}" type="org.openqa.selenium.WebDriverException">
      <![CDATA[org.openqa.selenium.WebDriverException: An unknown server-side error occurred while processing the command. Original error: 'POST /element' cannot be proxied to UiAutomator2 server because the instrumentation process is not running (probably crashed). Check the server log and/or the logcat output for more details
Build info: version: '3.141.59', revision: 'e82be7d358', time: '2018-11-14T08:17:03'
System info: host: 'mounika', ip: '127.0.1.1', os.name: 'Linux', os.arch: 'amd64', os.version: '5.4.0-91-generic', java.version: '17.0.1'
Driver info: io.appium.java_client.android.AndroidDriver
Capabilities {Devicename: Nokia 3, Platformname: Android, Platformversion: 9, UDID: NE1GAM4791101518, appactivity: com.jaffar.today.activities..., apppackage: com.jaffar.news, databaseEnabled: false, desired: {Devicename: Nokia 3, Platformname: Android, Platformversion: 9, UDID: NE1GAM4791101518, appactivity: com.jaffar.today.activities..., apppackage: com.jaffar.news, platformName: android}, deviceApiLevel: 28, deviceManufacturer: HMD Global, deviceModel: TA-1032, deviceName: NE1GAM4791101518, deviceScreenDensity: 320, deviceScreenSize: 720x1280, deviceUDID: NE1GAM4791101518, javascriptEnabled: true, locationContextEnabled: false, networkConnectionEnabled: true, pixelRatio: 2, platform: LINUX, platformName: Android, platformVersion: 9, statBarHeight: 48, takesScreenshot: true, viewportRect: {height: 1232, left: 0, top: 48, width: 720}, warnings: {}, webStorageEnabled: false}
Session ID: b619723a-2354-48c1-a203-06df2b60806b
*** Element info: {Using=id, value=com.jaffar.news:id/menu_icon}
at jdk.internal.reflect.GeneratedConstructorAccessor27.newInstance(Unknown Source)
at java.base/jdk.internal.reflect.DelegatingConstructorAccessorImpl.newInstance(DelegatingConstructorAccessorImpl.java:45)
at java.base/java.lang.reflect.Constructor.newInstanceWithCaller(Constructor.java:499)
at java.base/java.lang.reflect.Constructor.newInstance(Constructor.java:480)
at org.openqa.selenium.remote.http.W3CHttpResponseCodec.createException(W3CHttpResponseCodec.java:187)
at org.openqa.selenium.remote.http.W3CHttpResponseCodec.decode(W3CHttpResponseCodec.java:122)
at org.openqa.selenium.remote.http.W3CHttpResponseCodec.decode(W3CHttpResponseCodec.java:49)
at org.openqa.selenium.remote.HttpCommandExecutor.execute(HttpCommandExecutor.java:158)
at io.appium.java_client.remote.AppiumCommandExecutor.execute(AppiumCommandExecutor.java:250)
at org.openqa.selenium.remote.RemoteWebDriver.execute(RemoteWebDriver.java:552)
at io.appium.java_client.DefaultGenericMobileDriver.execute(DefaultGenericMobileDriver.java:41)
at io.appium.java_client.AppiumDriver.execute(AppiumDriver.java:1)
at io.appium.java_client.android.AndroidDriver.execute(AndroidDriver.java:1)
at org.openqa.selenium.remote.RemoteWebDriver.findElement(RemoteWebDriver.java:323)
at io.appium.java_client.DefaultGenericMobileDriver.findElement(DefaultGenericMobileDriver.java:61)
at io.appium.java_client.AppiumDriver.findElement(AppiumDriver.java:1)
at io.appium.java_client.android.AndroidDriver.findElement(AndroidDriver.java:1)
at org.openqa.selenium.remote.RemoteWebDriver.findElementById(RemoteWebDriver.java:372)
at io.appium.java_client.DefaultGenericMobileDriver.findElementById(DefaultGenericMobileDriver.java:69)
at io.appium.java_client.AppiumDriver.findElementById(AppiumDriver.java:1)
at io.appium.java_client.android.AndroidDriver.findElementById(AndroidDriver.java:1)
at NewsappWeb.newsAppAndroidMobileTset.TC_034(newsAppAndroidMobileTset.java:1818)
at java.base/jdk.internal.reflect.NativeMethodAccessorImpl.invoke0(Native Method)
at java.base/jdk.internal.reflect.NativeMethodAccessorImpl.invoke(NativeMethodAccessorImpl.java:77)
at java.base/jdk.internal.reflect.DelegatingMethodAccessorImpl.invoke(DelegatingMethodAccessorImpl.java:43)
at java.base/java.lang.reflect.Method.invoke(Method.java:568)
at org.testng.internal.MethodInvocationHelper.invokeMethod(MethodInvocationHelper.java:133)
at org.testng.internal.TestInvoker.invokeMethod(TestInvoker.java:598)
at org.testng.internal.TestInvoker.invokeTestMethod(TestInvoker.java:173)
at org.testng.internal.MethodRunner.runInSequence(MethodRunner.java:46)
at org.testng.internal.TestInvoker$MethodInvocationAgent.invoke(TestInvoker.java:824)
at org.testng.internal.TestInvoker.invokeTestMethods(TestInvoker.java:146)
at org.testng.internal.TestMethodWorker.invokeTestMethods(TestMethodWorker.java:146)
at org.testng.internal.TestMethodWorker.run(TestMethodWorker.java:128)
at java.base/java.util.ArrayList.forEach(ArrayList.java:1511)
at org.testng.TestRunner.privateRun(TestRunner.java:794)
at org.testng.TestRunner.run(TestRunner.java:596)
at org.testng.SuiteRunner.runTest(SuiteRunner.java:377)
at org.testng.SuiteRunner.runSequentially(SuiteRunner.java:371)
at org.testng.SuiteRunner.privateRun(SuiteRunner.java:332)
at org.testng.SuiteRunner.run(SuiteRunner.java:276)
at org.testng.SuiteRunnerWorker.runSuite(SuiteRunnerWorker.java:53)
at org.testng.SuiteRunnerWorker.run(SuiteRunnerWorker.java:96)
at org.testng.TestNG.runSuitesSequentially(TestNG.java:1212)
at org.testng.TestNG.runSuitesLocally(TestNG.java:1134)
at org.testng.TestNG.runSuites(TestNG.java:1063)
at org.testng.TestNG.run(TestNG.java:1031)
at org.testng.remote.AbstractRemoteTestNG.run(AbstractRemoteTestNG.java:115)
at org.testng.remote.RemoteTestNG.initAndRun(RemoteTestNG.java:251)
at org.testng.remote.RemoteTestNG.main(RemoteTestNG.java:77)
]]>
    </error>
  </testcase> <!-- TC_034 -->
  <system-out/>
  <testcase classname="NewsappWeb.newsAppAndroidMobileTset" name="TC_035" time="1.533">
    <error message="An unknown server-side error occurred while processing the command. Original error: &#039;POST /element&#039; cannot be proxied to UiAutomator2 server because the instrumentation process is not running (probably crashed). Check the server log and/or the logcat output for more details
Build info: version: &#039;3.141.59&#039;, revision: &#039;e82be7d358&#039;, time: &#039;2018-11-14T08:17:03&#039;
System info: host: &#039;mounika&#039;, ip: &#039;127.0.1.1&#039;, os.name: &#039;Linux&#039;, os.arch: &#039;amd64&#039;, os.version: &#039;5.4.0-91-generic&#039;, java.version: &#039;17.0.1&#039;
Driver info: io.appium.java_client.android.AndroidDriver
Capabilities {Devicename: Nokia 3, Platformname: Android, Platformversion: 9, UDID: NE1GAM4791101518, appactivity: com.jaffar.today.activities..., apppackage: com.jaffar.news, databaseEnabled: false, desired: {Devicename: Nokia 3, Platformname: Android, Platformversion: 9, UDID: NE1GAM4791101518, appactivity: com.jaffar.today.activities..., apppackage: com.jaffar.news, platformName: android}, deviceApiLevel: 28, deviceManufacturer: HMD Global, deviceModel: TA-1032, deviceName: NE1GAM4791101518, deviceScreenDensity: 320, deviceScreenSize: 720x1280, deviceUDID: NE1GAM4791101518, javascriptEnabled: true, locationContextEnabled: false, networkConnectionEnabled: true, pixelRatio: 2, platform: LINUX, platformName: Android, platformVersion: 9, statBarHeight: 48, takesScreenshot: true, viewportRect: {height: 1232, left: 0, top: 48, width: 720}, warnings: {}, webStorageEnabled: false}
Session ID: b619723a-2354-48c1-a203-06df2b60806b
*** Element info: {Using=xpath, value=//android.widget.TextView[contains(@text,&#039;Jubilee Hills&#039;)]}" type="org.openqa.selenium.WebDriverException">
      <![CDATA[org.openqa.selenium.WebDriverException: An unknown server-side error occurred while processing the command. Original error: 'POST /element' cannot be proxied to UiAutomator2 server because the instrumentation process is not running (probably crashed). Check the server log and/or the logcat output for more details
Build info: version: '3.141.59', revision: 'e82be7d358', time: '2018-11-14T08:17:03'
System info: host: 'mounika', ip: '127.0.1.1', os.name: 'Linux', os.arch: 'amd64', os.version: '5.4.0-91-generic', java.version: '17.0.1'
Driver info: io.appium.java_client.android.AndroidDriver
Capabilities {Devicename: Nokia 3, Platformname: Android, Platformversion: 9, UDID: NE1GAM4791101518, appactivity: com.jaffar.today.activities..., apppackage: com.jaffar.news, databaseEnabled: false, desired: {Devicename: Nokia 3, Platformname: Android, Platformversion: 9, UDID: NE1GAM4791101518, appactivity: com.jaffar.today.activities..., apppackage: com.jaffar.news, platformName: android}, deviceApiLevel: 28, deviceManufacturer: HMD Global, deviceModel: TA-1032, deviceName: NE1GAM4791101518, deviceScreenDensity: 320, deviceScreenSize: 720x1280, deviceUDID: NE1GAM4791101518, javascriptEnabled: true, locationContextEnabled: false, networkConnectionEnabled: true, pixelRatio: 2, platform: LINUX, platformName: Android, platformVersion: 9, statBarHeight: 48, takesScreenshot: true, viewportRect: {height: 1232, left: 0, top: 48, width: 720}, warnings: {}, webStorageEnabled: false}
Session ID: b619723a-2354-48c1-a203-06df2b60806b
*** Element info: {Using=xpath, value=//android.widget.TextView[contains(@text,'Jubilee Hills')]}
at jdk.internal.reflect.GeneratedConstructorAccessor27.newInstance(Unknown Source)
at java.base/jdk.internal.reflect.DelegatingConstructorAccessorImpl.newInstance(DelegatingConstructorAccessorImpl.java:45)
at java.base/java.lang.reflect.Constructor.newInstanceWithCaller(Constructor.java:499)
at java.base/java.lang.reflect.Constructor.newInstance(Constructor.java:480)
at org.openqa.selenium.remote.http.W3CHttpResponseCodec.createException(W3CHttpResponseCodec.java:187)
at org.openqa.selenium.remote.http.W3CHttpResponseCodec.decode(W3CHttpResponseCodec.java:122)
at org.openqa.selenium.remote.http.W3CHttpResponseCodec.decode(W3CHttpResponseCodec.java:49)
at org.openqa.selenium.remote.HttpCommandExecutor.execute(HttpCommandExecutor.java:158)
at io.appium.java_client.remote.AppiumCommandExecutor.execute(AppiumCommandExecutor.java:250)
at org.openqa.selenium.remote.RemoteWebDriver.execute(RemoteWebDriver.java:552)
at io.appium.java_client.DefaultGenericMobileDriver.execute(DefaultGenericMobileDriver.java:41)
at io.appium.java_client.AppiumDriver.execute(AppiumDriver.java:1)
at io.appium.java_client.android.AndroidDriver.execute(AndroidDriver.java:1)
at org.openqa.selenium.remote.RemoteWebDriver.findElement(RemoteWebDriver.java:323)
at io.appium.java_client.DefaultGenericMobileDriver.findElement(DefaultGenericMobileDriver.java:61)
at io.appium.java_client.AppiumDriver.findElement(AppiumDriver.java:1)
at io.appium.java_client.android.AndroidDriver.findElement(AndroidDriver.java:1)
at org.openqa.selenium.remote.RemoteWebDriver.findElementByXPath(RemoteWebDriver.java:428)
at io.appium.java_client.DefaultGenericMobileDriver.findElementByXPath(DefaultGenericMobileDriver.java:151)
at io.appium.java_client.AppiumDriver.findElementByXPath(AppiumDriver.java:1)
at io.appium.java_client.android.AndroidDriver.findElementByXPath(AndroidDriver.java:1)
at NewsappWeb.newsAppAndroidMobileTset.TC_035(newsAppAndroidMobileTset.java:1842)
at java.base/jdk.internal.reflect.NativeMethodAccessorImpl.invoke0(Native Method)
at java.base/jdk.internal.reflect.NativeMethodAccessorImpl.invoke(NativeMethodAccessorImpl.java:77)
at java.base/jdk.internal.reflect.DelegatingMethodAccessorImpl.invoke(DelegatingMethodAccessorImpl.java:43)
at java.base/java.lang.reflect.Method.invoke(Method.java:568)
at org.testng.internal.MethodInvocationHelper.invokeMethod(MethodInvocationHelper.java:133)
at org.testng.internal.TestInvoker.invokeMethod(TestInvoker.java:598)
at org.testng.internal.TestInvoker.invokeTestMethod(TestInvoker.java:173)
at org.testng.internal.MethodRunner.runInSequence(MethodRunner.java:46)
at org.testng.internal.TestInvoker$MethodInvocationAgent.invoke(TestInvoker.java:824)
at org.testng.internal.TestInvoker.invokeTestMethods(TestInvoker.java:146)
at org.testng.internal.TestMethodWorker.invokeTestMethods(TestMethodWorker.java:146)
at org.testng.internal.TestMethodWorker.run(TestMethodWorker.java:128)
at java.base/java.util.ArrayList.forEach(ArrayList.java:1511)
at org.testng.TestRunner.privateRun(TestRunner.java:794)
at org.testng.TestRunner.run(TestRunner.java:596)
at org.testng.SuiteRunner.runTest(SuiteRunner.java:377)
at org.testng.SuiteRunner.runSequentially(SuiteRunner.java:371)
at org.testng.SuiteRunner.privateRun(SuiteRunner.java:332)
at org.testng.SuiteRunner.run(SuiteRunner.java:276)
at org.testng.SuiteRunnerWorker.runSuite(SuiteRunnerWorker.java:53)
at org.testng.SuiteRunnerWorker.run(SuiteRunnerWorker.java:96)
at org.testng.TestNG.runSuitesSequentially(TestNG.java:1212)
at org.testng.TestNG.runSuitesLocally(TestNG.java:1134)
at org.testng.TestNG.runSuites(TestNG.java:1063)
at org.testng.TestNG.run(TestNG.java:1031)
at org.testng.remote.AbstractRemoteTestNG.run(AbstractRemoteTestNG.java:115)
at org.testng.remote.RemoteTestNG.initAndRun(RemoteTestNG.java:251)
at org.testng.remote.RemoteTestNG.main(RemoteTestNG.java:77)
]]>
    </error>
  </testcase> <!-- TC_035 -->
  <system-out/>
  <testcase classname="NewsappWeb.newsAppAndroidMobileTset" name="TC_019" time="1.516">
    <error message="An unknown server-side error occurred while processing the command. Original error: &#039;POST /element&#039; cannot be proxied to UiAutomator2 server because the instrumentation process is not running (probably crashed). Check the server log and/or the logcat output for more details
Build info: version: &#039;3.141.59&#039;, revision: &#039;e82be7d358&#039;, time: &#039;2018-11-14T08:17:03&#039;
System info: host: &#039;mounika&#039;, ip: &#039;127.0.1.1&#039;, os.name: &#039;Linux&#039;, os.arch: &#039;amd64&#039;, os.version: &#039;5.4.0-91-generic&#039;, java.version: &#039;17.0.1&#039;
Driver info: io.appium.java_client.android.AndroidDriver
Capabilities {Devicename: Nokia 3, Platformname: Android, Platformversion: 9, UDID: NE1GAM4791101518, appactivity: com.jaffar.today.activities..., apppackage: com.jaffar.news, databaseEnabled: false, desired: {Devicename: Nokia 3, Platformname: Android, Platformversion: 9, UDID: NE1GAM4791101518, appactivity: com.jaffar.today.activities..., apppackage: com.jaffar.news, platformName: android}, deviceApiLevel: 28, deviceManufacturer: HMD Global, deviceModel: TA-1032, deviceName: NE1GAM4791101518, deviceScreenDensity: 320, deviceScreenSize: 720x1280, deviceUDID: NE1GAM4791101518, javascriptEnabled: true, locationContextEnabled: false, networkConnectionEnabled: true, pixelRatio: 2, platform: LINUX, platformName: Android, platformVersion: 9, statBarHeight: 48, takesScreenshot: true, viewportRect: {height: 1232, left: 0, top: 48, width: 720}, warnings: {}, webStorageEnabled: false}
Session ID: b619723a-2354-48c1-a203-06df2b60806b
*** Element info: {Using=xpath, value=//android.widget.TextView[contains(@text,&#039;వైయస్ జగన్ మోహన్ రెడ్డి&#039;)]}" type="org.openqa.selenium.WebDriverException">
      <![CDATA[org.openqa.selenium.WebDriverException: An unknown server-side error occurred while processing the command. Original error: 'POST /element' cannot be proxied to UiAutomator2 server because the instrumentation process is not running (probably crashed). Check the server log and/or the logcat output for more details
Build info: version: '3.141.59', revision: 'e82be7d358', time: '2018-11-14T08:17:03'
System info: host: 'mounika', ip: '127.0.1.1', os.name: 'Linux', os.arch: 'amd64', os.version: '5.4.0-91-generic', java.version: '17.0.1'
Driver info: io.appium.java_client.android.AndroidDriver
Capabilities {Devicename: Nokia 3, Platformname: Android, Platformversion: 9, UDID: NE1GAM4791101518, appactivity: com.jaffar.today.activities..., apppackage: com.jaffar.news, databaseEnabled: false, desired: {Devicename: Nokia 3, Platformname: Android, Platformversion: 9, UDID: NE1GAM4791101518, appactivity: com.jaffar.today.activities..., apppackage: com.jaffar.news, platformName: android}, deviceApiLevel: 28, deviceManufacturer: HMD Global, deviceModel: TA-1032, deviceName: NE1GAM4791101518, deviceScreenDensity: 320, deviceScreenSize: 720x1280, deviceUDID: NE1GAM4791101518, javascriptEnabled: true, locationContextEnabled: false, networkConnectionEnabled: true, pixelRatio: 2, platform: LINUX, platformName: Android, platformVersion: 9, statBarHeight: 48, takesScreenshot: true, viewportRect: {height: 1232, left: 0, top: 48, width: 720}, warnings: {}, webStorageEnabled: false}
Session ID: b619723a-2354-48c1-a203-06df2b60806b
*** Element info: {Using=xpath, value=//android.widget.TextView[contains(@text,'వైయస్ జగన్ మోహన్ రెడ్డి')]}
at java.base/jdk.internal.reflect.NativeConstructorAccessorImpl.newInstance0(Native Method)
at java.base/jdk.internal.reflect.NativeConstructorAccessorImpl.newInstance(NativeConstructorAccessorImpl.java:77)
at java.base/jdk.internal.reflect.DelegatingConstructorAccessorImpl.newInstance(DelegatingConstructorAccessorImpl.java:45)
at java.base/java.lang.reflect.Constructor.newInstanceWithCaller(Constructor.java:499)
at java.base/java.lang.reflect.Constructor.newInstance(Constructor.java:480)
at org.openqa.selenium.remote.http.W3CHttpResponseCodec.createException(W3CHttpResponseCodec.java:187)
at org.openqa.selenium.remote.http.W3CHttpResponseCodec.decode(W3CHttpResponseCodec.java:122)
at org.openqa.selenium.remote.http.W3CHttpResponseCodec.decode(W3CHttpResponseCodec.java:49)
at org.openqa.selenium.remote.HttpCommandExecutor.execute(HttpCommandExecutor.java:158)
at io.appium.java_client.remote.AppiumCommandExecutor.execute(AppiumCommandExecutor.java:250)
at org.openqa.selenium.remote.RemoteWebDriver.execute(RemoteWebDriver.java:552)
at io.appium.java_client.DefaultGenericMobileDriver.execute(DefaultGenericMobileDriver.java:41)
at io.appium.java_client.AppiumDriver.execute(AppiumDriver.java:1)
at io.appium.java_client.android.AndroidDriver.execute(AndroidDriver.java:1)
at org.openqa.selenium.remote.RemoteWebDriver.findElement(RemoteWebDriver.java:323)
at io.appium.java_client.DefaultGenericMobileDriver.findElement(DefaultGenericMobileDriver.java:61)
at io.appium.java_client.AppiumDriver.findElement(AppiumDriver.java:1)
at io.appium.java_client.android.AndroidDriver.findElement(AndroidDriver.java:1)
at org.openqa.selenium.remote.RemoteWebDriver.findElementByXPath(RemoteWebDriver.java:428)
at io.appium.java_client.DefaultGenericMobileDriver.findElementByXPath(DefaultGenericMobileDriver.java:151)
at io.appium.java_client.AppiumDriver.findElementByXPath(AppiumDriver.java:1)
at io.appium.java_client.android.AndroidDriver.findElementByXPath(AndroidDriver.java:1)
at NewsappWeb.newsAppAndroidMobileTset.TC_019(newsAppAndroidMobileTset.java:772)
at java.base/jdk.internal.reflect.NativeMethodAccessorImpl.invoke0(Native Method)
at java.base/jdk.internal.reflect.NativeMethodAccessorImpl.invoke(NativeMethodAccessorImpl.java:77)
at java.base/jdk.internal.reflect.DelegatingMethodAccessorImpl.invoke(DelegatingMethodAccessorImpl.java:43)
at java.base/java.lang.reflect.Method.invoke(Method.java:568)
at org.testng.internal.MethodInvocationHelper.invokeMethod(MethodInvocationHelper.java:133)
at org.testng.internal.TestInvoker.invokeMethod(TestInvoker.java:598)
at org.testng.internal.TestInvoker.invokeTestMethod(TestInvoker.java:173)
at org.testng.internal.MethodRunner.runInSequence(MethodRunner.java:46)
at org.testng.internal.TestInvoker$MethodInvocationAgent.invoke(TestInvoker.java:824)
at org.testng.internal.TestInvoker.invokeTestMethods(TestInvoker.java:146)
at org.testng.internal.TestMethodWorker.invokeTestMethods(TestMethodWorker.java:146)
at org.testng.internal.TestMethodWorker.run(TestMethodWorker.java:128)
at java.base/java.util.ArrayList.forEach(ArrayList.java:1511)
at org.testng.TestRunner.privateRun(TestRunner.java:794)
at org.testng.TestRunner.run(TestRunner.java:596)
at org.testng.SuiteRunner.runTest(SuiteRunner.java:377)
at org.testng.SuiteRunner.runSequentially(SuiteRunner.java:371)
at org.testng.SuiteRunner.privateRun(SuiteRunner.java:332)
at org.testng.SuiteRunner.run(SuiteRunner.java:276)
at org.testng.SuiteRunnerWorker.runSuite(SuiteRunnerWorker.java:53)
at org.testng.SuiteRunnerWorker.run(SuiteRunnerWorker.java:96)
at org.testng.TestNG.runSuitesSequentially(TestNG.java:1212)
at org.testng.TestNG.runSuitesLocally(TestNG.java:1134)
at org.testng.TestNG.runSuites(TestNG.java:1063)
at org.testng.TestNG.run(TestNG.java:1031)
at org.testng.remote.AbstractRemoteTestNG.run(AbstractRemoteTestNG.java:115)
at org.testng.remote.RemoteTestNG.initAndRun(RemoteTestNG.java:251)
at org.testng.remote.RemoteTestNG.main(RemoteTestNG.java:77)
]]>
    </error>
  </testcase> <!-- TC_019 -->
  <system-out/>
  <testcase classname="NewsappWeb.newsAppAndroidMobileTset" name="TC_001" time="11.540"/>
  <system-out/>
  <testcase classname="NewsappWeb.newsAppAndroidMobileTset" name="TC_004" time="3.867"/>
  <system-out/>
  <testcase classname="NewsappWeb.newsAppAndroidMobileTset" name="TC_015" time="2.018">
    <error message="An unknown server-side error occurred while processing the command. Original error: &#039;POST /element&#039; cannot be proxied to UiAutomator2 server because the instrumentation process is not running (probably crashed). Check the server log and/or the logcat output for more details
Build info: version: &#039;3.141.59&#039;, revision: &#039;e82be7d358&#039;, time: &#039;2018-11-14T08:17:03&#039;
System info: host: &#039;mounika&#039;, ip: &#039;127.0.1.1&#039;, os.name: &#039;Linux&#039;, os.arch: &#039;amd64&#039;, os.version: &#039;5.4.0-91-generic&#039;, java.version: &#039;17.0.1&#039;
Driver info: io.appium.java_client.android.AndroidDriver
Capabilities {Devicename: Nokia 3, Platformname: Android, Platformversion: 9, UDID: NE1GAM4791101518, appactivity: com.jaffar.today.activities..., apppackage: com.jaffar.news, databaseEnabled: false, desired: {Devicename: Nokia 3, Platformname: Android, Platformversion: 9, UDID: NE1GAM4791101518, appactivity: com.jaffar.today.activities..., apppackage: com.jaffar.news, platformName: android}, deviceApiLevel: 28, deviceManufacturer: HMD Global, deviceModel: TA-1032, deviceName: NE1GAM4791101518, deviceScreenDensity: 320, deviceScreenSize: 720x1280, deviceUDID: NE1GAM4791101518, javascriptEnabled: true, locationContextEnabled: false, networkConnectionEnabled: true, pixelRatio: 2, platform: LINUX, platformName: Android, platformVersion: 9, statBarHeight: 48, takesScreenshot: true, viewportRect: {height: 1232, left: 0, top: 48, width: 720}, warnings: {}, webStorageEnabled: false}
Session ID: b619723a-2354-48c1-a203-06df2b60806b
*** Element info: {Using=id, value=com.jaffar.news:id/close_img}" type="org.openqa.selenium.WebDriverException">
      <![CDATA[org.openqa.selenium.WebDriverException: An unknown server-side error occurred while processing the command. Original error: 'POST /element' cannot be proxied to UiAutomator2 server because the instrumentation process is not running (probably crashed). Check the server log and/or the logcat output for more details
Build info: version: '3.141.59', revision: 'e82be7d358', time: '2018-11-14T08:17:03'
System info: host: 'mounika', ip: '127.0.1.1', os.name: 'Linux', os.arch: 'amd64', os.version: '5.4.0-91-generic', java.version: '17.0.1'
Driver info: io.appium.java_client.android.AndroidDriver
Capabilities {Devicename: Nokia 3, Platformname: Android, Platformversion: 9, UDID: NE1GAM4791101518, appactivity: com.jaffar.today.activities..., apppackage: com.jaffar.news, databaseEnabled: false, desired: {Devicename: Nokia 3, Platformname: Android, Platformversion: 9, UDID: NE1GAM4791101518, appactivity: com.jaffar.today.activities..., apppackage: com.jaffar.news, platformName: android}, deviceApiLevel: 28, deviceManufacturer: HMD Global, deviceModel: TA-1032, deviceName: NE1GAM4791101518, deviceScreenDensity: 320, deviceScreenSize: 720x1280, deviceUDID: NE1GAM4791101518, javascriptEnabled: true, locationContextEnabled: false, networkConnectionEnabled: true, pixelRatio: 2, platform: LINUX, platformName: Android, platformVersion: 9, statBarHeight: 48, takesScreenshot: true, viewportRect: {height: 1232, left: 0, top: 48, width: 720}, warnings: {}, webStorageEnabled: false}
Session ID: b619723a-2354-48c1-a203-06df2b60806b
*** Element info: {Using=id, value=com.jaffar.news:id/close_img}
at java.base/jdk.internal.reflect.NativeConstructorAccessorImpl.newInstance0(Native Method)
at java.base/jdk.internal.reflect.NativeConstructorAccessorImpl.newInstance(NativeConstructorAccessorImpl.java:77)
at java.base/jdk.internal.reflect.DelegatingConstructorAccessorImpl.newInstance(DelegatingConstructorAccessorImpl.java:45)
at java.base/java.lang.reflect.Constructor.newInstanceWithCaller(Constructor.java:499)
at java.base/java.lang.reflect.Constructor.newInstance(Constructor.java:480)
at org.openqa.selenium.remote.http.W3CHttpResponseCodec.createException(W3CHttpResponseCodec.java:187)
at org.openqa.selenium.remote.http.W3CHttpResponseCodec.decode(W3CHttpResponseCodec.java:122)
at org.openqa.selenium.remote.http.W3CHttpResponseCodec.decode(W3CHttpResponseCodec.java:49)
at org.openqa.selenium.remote.HttpCommandExecutor.execute(HttpCommandExecutor.java:158)
at io.appium.java_client.remote.AppiumCommandExecutor.execute(AppiumCommandExecutor.java:250)
at org.openqa.selenium.remote.RemoteWebDriver.execute(RemoteWebDriver.java:552)
at io.appium.java_client.DefaultGenericMobileDriver.execute(DefaultGenericMobileDriver.java:41)
at io.appium.java_client.AppiumDriver.execute(AppiumDriver.java:1)
at io.appium.java_client.android.AndroidDriver.execute(AndroidDriver.java:1)
at org.openqa.selenium.remote.RemoteWebDriver.findElement(RemoteWebDriver.java:323)
at io.appium.java_client.DefaultGenericMobileDriver.findElement(DefaultGenericMobileDriver.java:61)
at io.appium.java_client.AppiumDriver.findElement(AppiumDriver.java:1)
at io.appium.java_client.android.AndroidDriver.findElement(AndroidDriver.java:1)
at org.openqa.selenium.remote.RemoteWebDriver.findElementById(RemoteWebDriver.java:372)
at io.appium.java_client.DefaultGenericMobileDriver.findElementById(DefaultGenericMobileDriver.java:69)
at io.appium.java_client.AppiumDriver.findElementById(AppiumDriver.java:1)
at io.appium.java_client.android.AndroidDriver.findElementById(AndroidDriver.java:1)
at NewsappWeb.newsAppAndroidMobileTset.TC_015(newsAppAndroidMobileTset.java:665)
at java.base/jdk.internal.reflect.NativeMethodAccessorImpl.invoke0(Native Method)
at java.base/jdk.internal.reflect.NativeMethodAccessorImpl.invoke(NativeMethodAccessorImpl.java:77)
at java.base/jdk.internal.reflect.DelegatingMethodAccessorImpl.invoke(DelegatingMethodAccessorImpl.java:43)
at java.base/java.lang.reflect.Method.invoke(Method.java:568)
at org.testng.internal.MethodInvocationHelper.invokeMethod(MethodInvocationHelper.java:133)
at org.testng.internal.TestInvoker.invokeMethod(TestInvoker.java:598)
at org.testng.internal.TestInvoker.invokeTestMethod(TestInvoker.java:173)
at org.testng.internal.MethodRunner.runInSequence(MethodRunner.java:46)
at org.testng.internal.TestInvoker$MethodInvocationAgent.invoke(TestInvoker.java:824)
at org.testng.internal.TestInvoker.invokeTestMethods(TestInvoker.java:146)
at org.testng.internal.TestMethodWorker.invokeTestMethods(TestMethodWorker.java:146)
at org.testng.internal.TestMethodWorker.run(TestMethodWorker.java:128)
at java.base/java.util.ArrayList.forEach(ArrayList.java:1511)
at org.testng.TestRunner.privateRun(TestRunner.java:794)
at org.testng.TestRunner.run(TestRunner.java:596)
at org.testng.SuiteRunner.runTest(SuiteRunner.java:377)
at org.testng.SuiteRunner.runSequentially(SuiteRunner.java:371)
at org.testng.SuiteRunner.privateRun(SuiteRunner.java:332)
at org.testng.SuiteRunner.run(SuiteRunner.java:276)
at org.testng.SuiteRunnerWorker.runSuite(SuiteRunnerWorker.java:53)
at org.testng.SuiteRunnerWorker.run(SuiteRunnerWorker.java:96)
at org.testng.TestNG.runSuitesSequentially(TestNG.java:1212)
at org.testng.TestNG.runSuitesLocally(TestNG.java:1134)
at org.testng.TestNG.runSuites(TestNG.java:1063)
at org.testng.TestNG.run(TestNG.java:1031)
at org.testng.remote.AbstractRemoteTestNG.run(AbstractRemoteTestNG.java:115)
at org.testng.remote.RemoteTestNG.initAndRun(RemoteTestNG.java:251)
at org.testng.remote.RemoteTestNG.main(RemoteTestNG.java:77)
]]>
    </error>
  </testcase> <!-- TC_015 -->
  <system-out/>
  <testcase classname="NewsappWeb.newsAppAndroidMobileTset" name="TC_007" time="10.143"/>
  <system-out/>
  <testcase classname="NewsappWeb.newsAppAndroidMobileTset" name="TC_013" time="2.012">
    <error message="An unknown server-side error occurred while processing the command. Original error: &#039;POST /element&#039; cannot be proxied to UiAutomator2 server because the instrumentation process is not running (probably crashed). Check the server log and/or the logcat output for more details
Build info: version: &#039;3.141.59&#039;, revision: &#039;e82be7d358&#039;, time: &#039;2018-11-14T08:17:03&#039;
System info: host: &#039;mounika&#039;, ip: &#039;127.0.1.1&#039;, os.name: &#039;Linux&#039;, os.arch: &#039;amd64&#039;, os.version: &#039;5.4.0-91-generic&#039;, java.version: &#039;17.0.1&#039;
Driver info: io.appium.java_client.android.AndroidDriver
Capabilities {Devicename: Nokia 3, Platformname: Android, Platformversion: 9, UDID: NE1GAM4791101518, appactivity: com.jaffar.today.activities..., apppackage: com.jaffar.news, databaseEnabled: false, desired: {Devicename: Nokia 3, Platformname: Android, Platformversion: 9, UDID: NE1GAM4791101518, appactivity: com.jaffar.today.activities..., apppackage: com.jaffar.news, platformName: android}, deviceApiLevel: 28, deviceManufacturer: HMD Global, deviceModel: TA-1032, deviceName: NE1GAM4791101518, deviceScreenDensity: 320, deviceScreenSize: 720x1280, deviceUDID: NE1GAM4791101518, javascriptEnabled: true, locationContextEnabled: false, networkConnectionEnabled: true, pixelRatio: 2, platform: LINUX, platformName: Android, platformVersion: 9, statBarHeight: 48, takesScreenshot: true, viewportRect: {height: 1232, left: 0, top: 48, width: 720}, warnings: {}, webStorageEnabled: false}
Session ID: b619723a-2354-48c1-a203-06df2b60806b
*** Element info: {Using=id, value=com.jaffar.news:id/back}" type="org.openqa.selenium.WebDriverException">
      <![CDATA[org.openqa.selenium.WebDriverException: An unknown server-side error occurred while processing the command. Original error: 'POST /element' cannot be proxied to UiAutomator2 server because the instrumentation process is not running (probably crashed). Check the server log and/or the logcat output for more details
Build info: version: '3.141.59', revision: 'e82be7d358', time: '2018-11-14T08:17:03'
System info: host: 'mounika', ip: '127.0.1.1', os.name: 'Linux', os.arch: 'amd64', os.version: '5.4.0-91-generic', java.version: '17.0.1'
Driver info: io.appium.java_client.android.AndroidDriver
Capabilities {Devicename: Nokia 3, Platformname: Android, Platformversion: 9, UDID: NE1GAM4791101518, appactivity: com.jaffar.today.activities..., apppackage: com.jaffar.news, databaseEnabled: false, desired: {Devicename: Nokia 3, Platformname: Android, Platformversion: 9, UDID: NE1GAM4791101518, appactivity: com.jaffar.today.activities..., apppackage: com.jaffar.news, platformName: android}, deviceApiLevel: 28, deviceManufacturer: HMD Global, deviceModel: TA-1032, deviceName: NE1GAM4791101518, deviceScreenDensity: 320, deviceScreenSize: 720x1280, deviceUDID: NE1GAM4791101518, javascriptEnabled: true, locationContextEnabled: false, networkConnectionEnabled: true, pixelRatio: 2, platform: LINUX, platformName: Android, platformVersion: 9, statBarHeight: 48, takesScreenshot: true, viewportRect: {height: 1232, left: 0, top: 48, width: 720}, warnings: {}, webStorageEnabled: false}
Session ID: b619723a-2354-48c1-a203-06df2b60806b
*** Element info: {Using=id, value=com.jaffar.news:id/back}
at java.base/jdk.internal.reflect.NativeConstructorAccessorImpl.newInstance0(Native Method)
at java.base/jdk.internal.reflect.NativeConstructorAccessorImpl.newInstance(NativeConstructorAccessorImpl.java:77)
at java.base/jdk.internal.reflect.DelegatingConstructorAccessorImpl.newInstance(DelegatingConstructorAccessorImpl.java:45)
at java.base/java.lang.reflect.Constructor.newInstanceWithCaller(Constructor.java:499)
at java.base/java.lang.reflect.Constructor.newInstance(Constructor.java:480)
at org.openqa.selenium.remote.http.W3CHttpResponseCodec.createException(W3CHttpResponseCodec.java:187)
at org.openqa.selenium.remote.http.W3CHttpResponseCodec.decode(W3CHttpResponseCodec.java:122)
at org.openqa.selenium.remote.http.W3CHttpResponseCodec.decode(W3CHttpResponseCodec.java:49)
at org.openqa.selenium.remote.HttpCommandExecutor.execute(HttpCommandExecutor.java:158)
at io.appium.java_client.remote.AppiumCommandExecutor.execute(AppiumCommandExecutor.java:250)
at org.openqa.selenium.remote.RemoteWebDriver.execute(RemoteWebDriver.java:552)
at io.appium.java_client.DefaultGenericMobileDriver.execute(DefaultGenericMobileDriver.java:41)
at io.appium.java_client.AppiumDriver.execute(AppiumDriver.java:1)
at io.appium.java_client.android.AndroidDriver.execute(AndroidDriver.java:1)
at org.openqa.selenium.remote.RemoteWebDriver.findElement(RemoteWebDriver.java:323)
at io.appium.java_client.DefaultGenericMobileDriver.findElement(DefaultGenericMobileDriver.java:61)
at io.appium.java_client.AppiumDriver.findElement(AppiumDriver.java:1)
at io.appium.java_client.android.AndroidDriver.findElement(AndroidDriver.java:1)
at org.openqa.selenium.remote.RemoteWebDriver.findElementById(RemoteWebDriver.java:372)
at io.appium.java_client.DefaultGenericMobileDriver.findElementById(DefaultGenericMobileDriver.java:69)
at io.appium.java_client.AppiumDriver.findElementById(AppiumDriver.java:1)
at io.appium.java_client.android.AndroidDriver.findElementById(AndroidDriver.java:1)
at NewsappWeb.newsAppAndroidMobileTset.TC_013(newsAppAndroidMobileTset.java:604)
at java.base/jdk.internal.reflect.NativeMethodAccessorImpl.invoke0(Native Method)
at java.base/jdk.internal.reflect.NativeMethodAccessorImpl.invoke(NativeMethodAccessorImpl.java:77)
at java.base/jdk.internal.reflect.DelegatingMethodAccessorImpl.invoke(DelegatingMethodAccessorImpl.java:43)
at java.base/java.lang.reflect.Method.invoke(Method.java:568)
at org.testng.internal.MethodInvocationHelper.invokeMethod(MethodInvocationHelper.java:133)
at org.testng.internal.TestInvoker.invokeMethod(TestInvoker.java:598)
at org.testng.internal.TestInvoker.invokeTestMethod(TestInvoker.java:173)
at org.testng.internal.MethodRunner.runInSequence(MethodRunner.java:46)
at org.testng.internal.TestInvoker$MethodInvocationAgent.invoke(TestInvoker.java:824)
at org.testng.internal.TestInvoker.invokeTestMethods(TestInvoker.java:146)
at org.testng.internal.TestMethodWorker.invokeTestMethods(TestMethodWorker.java:146)
at org.testng.internal.TestMethodWorker.run(TestMethodWorker.java:128)
at java.base/java.util.ArrayList.forEach(ArrayList.java:1511)
at org.testng.TestRunner.privateRun(TestRunner.java:794)
at org.testng.TestRunner.run(TestRunner.java:596)
at org.testng.SuiteRunner.runTest(SuiteRunner.java:377)
at org.testng.SuiteRunner.runSequentially(SuiteRunner.java:371)
at org.testng.SuiteRunner.privateRun(SuiteRunner.java:332)
at org.testng.SuiteRunner.run(SuiteRunner.java:276)
at org.testng.SuiteRunnerWorker.runSuite(SuiteRunnerWorker.java:53)
at org.testng.SuiteRunnerWorker.run(SuiteRunnerWorker.java:96)
at org.testng.TestNG.runSuitesSequentially(TestNG.java:1212)
at org.testng.TestNG.runSuitesLocally(TestNG.java:1134)
at org.testng.TestNG.runSuites(TestNG.java:1063)
at org.testng.TestNG.run(TestNG.java:1031)
at org.testng.remote.AbstractRemoteTestNG.run(AbstractRemoteTestNG.java:115)
at org.testng.remote.RemoteTestNG.initAndRun(RemoteTestNG.java:251)
at org.testng.remote.RemoteTestNG.main(RemoteTestNG.java:77)
]]>
    </error>
  </testcase> <!-- TC_013 -->
  <system-out/>
  <testcase classname="NewsappWeb.newsAppAndroidMobileTset" name="TC_021" time="3.125">
    <error message="An unknown server-side error occurred while processing the command. Original error: &#039;POST /element&#039; cannot be proxied to UiAutomator2 server because the instrumentation process is not running (probably crashed). Check the server log and/or the logcat output for more details
Build info: version: &#039;3.141.59&#039;, revision: &#039;e82be7d358&#039;, time: &#039;2018-11-14T08:17:03&#039;
System info: host: &#039;mounika&#039;, ip: &#039;127.0.1.1&#039;, os.name: &#039;Linux&#039;, os.arch: &#039;amd64&#039;, os.version: &#039;5.4.0-91-generic&#039;, java.version: &#039;17.0.1&#039;
Driver info: io.appium.java_client.android.AndroidDriver
Capabilities {Devicename: Nokia 3, Platformname: Android, Platformversion: 9, UDID: NE1GAM4791101518, appactivity: com.jaffar.today.activities..., apppackage: com.jaffar.news, databaseEnabled: false, desired: {Devicename: Nokia 3, Platformname: Android, Platformversion: 9, UDID: NE1GAM4791101518, appactivity: com.jaffar.today.activities..., apppackage: com.jaffar.news, platformName: android}, deviceApiLevel: 28, deviceManufacturer: HMD Global, deviceModel: TA-1032, deviceName: NE1GAM4791101518, deviceScreenDensity: 320, deviceScreenSize: 720x1280, deviceUDID: NE1GAM4791101518, javascriptEnabled: true, locationContextEnabled: false, networkConnectionEnabled: true, pixelRatio: 2, platform: LINUX, platformName: Android, platformVersion: 9, statBarHeight: 48, takesScreenshot: true, viewportRect: {height: 1232, left: 0, top: 48, width: 720}, warnings: {}, webStorageEnabled: false}
Session ID: b619723a-2354-48c1-a203-06df2b60806b
*** Element info: {Using=id, value=com.jaffar.news:id/chat_img}" type="org.openqa.selenium.WebDriverException">
      <![CDATA[org.openqa.selenium.WebDriverException: An unknown server-side error occurred while processing the command. Original error: 'POST /element' cannot be proxied to UiAutomator2 server because the instrumentation process is not running (probably crashed). Check the server log and/or the logcat output for more details
Build info: version: '3.141.59', revision: 'e82be7d358', time: '2018-11-14T08:17:03'
System info: host: 'mounika', ip: '127.0.1.1', os.name: 'Linux', os.arch: 'amd64', os.version: '5.4.0-91-generic', java.version: '17.0.1'
Driver info: io.appium.java_client.android.AndroidDriver
Capabilities {Devicename: Nokia 3, Platformname: Android, Platformversion: 9, UDID: NE1GAM4791101518, appactivity: com.jaffar.today.activities..., apppackage: com.jaffar.news, databaseEnabled: false, desired: {Devicename: Nokia 3, Platformname: Android, Platformversion: 9, UDID: NE1GAM4791101518, appactivity: com.jaffar.today.activities..., apppackage: com.jaffar.news, platformName: android}, deviceApiLevel: 28, deviceManufacturer: HMD Global, deviceModel: TA-1032, deviceName: NE1GAM4791101518, deviceScreenDensity: 320, deviceScreenSize: 720x1280, deviceUDID: NE1GAM4791101518, javascriptEnabled: true, locationContextEnabled: false, networkConnectionEnabled: true, pixelRatio: 2, platform: LINUX, platformName: Android, platformVersion: 9, statBarHeight: 48, takesScreenshot: true, viewportRect: {height: 1232, left: 0, top: 48, width: 720}, warnings: {}, webStorageEnabled: false}
Session ID: b619723a-2354-48c1-a203-06df2b60806b
*** Element info: {Using=id, value=com.jaffar.news:id/chat_img}
at java.base/jdk.internal.reflect.NativeConstructorAccessorImpl.newInstance0(Native Method)
at java.base/jdk.internal.reflect.NativeConstructorAccessorImpl.newInstance(NativeConstructorAccessorImpl.java:77)
at java.base/jdk.internal.reflect.DelegatingConstructorAccessorImpl.newInstance(DelegatingConstructorAccessorImpl.java:45)
at java.base/java.lang.reflect.Constructor.newInstanceWithCaller(Constructor.java:499)
at java.base/java.lang.reflect.Constructor.newInstance(Constructor.java:480)
at org.openqa.selenium.remote.http.W3CHttpResponseCodec.createException(W3CHttpResponseCodec.java:187)
at org.openqa.selenium.remote.http.W3CHttpResponseCodec.decode(W3CHttpResponseCodec.java:122)
at org.openqa.selenium.remote.http.W3CHttpResponseCodec.decode(W3CHttpResponseCodec.java:49)
at org.openqa.selenium.remote.HttpCommandExecutor.execute(HttpCommandExecutor.java:158)
at io.appium.java_client.remote.AppiumCommandExecutor.execute(AppiumCommandExecutor.java:250)
at org.openqa.selenium.remote.RemoteWebDriver.execute(RemoteWebDriver.java:552)
at io.appium.java_client.DefaultGenericMobileDriver.execute(DefaultGenericMobileDriver.java:41)
at io.appium.java_client.AppiumDriver.execute(AppiumDriver.java:1)
at io.appium.java_client.android.AndroidDriver.execute(AndroidDriver.java:1)
at org.openqa.selenium.remote.RemoteWebDriver.findElement(RemoteWebDriver.java:323)
at io.appium.java_client.DefaultGenericMobileDriver.findElement(DefaultGenericMobileDriver.java:61)
at io.appium.java_client.AppiumDriver.findElement(AppiumDriver.java:1)
at io.appium.java_client.android.AndroidDriver.findElement(AndroidDriver.java:1)
at org.openqa.selenium.remote.RemoteWebDriver.findElementById(RemoteWebDriver.java:372)
at io.appium.java_client.DefaultGenericMobileDriver.findElementById(DefaultGenericMobileDriver.java:69)
at io.appium.java_client.AppiumDriver.findElementById(AppiumDriver.java:1)
at io.appium.java_client.android.AndroidDriver.findElementById(AndroidDriver.java:1)
at NewsappWeb.newsAppAndroidMobileTset.TC_021(newsAppAndroidMobileTset.java:845)
at java.base/jdk.internal.reflect.NativeMethodAccessorImpl.invoke0(Native Method)
at java.base/jdk.internal.reflect.NativeMethodAccessorImpl.invoke(NativeMethodAccessorImpl.java:77)
at java.base/jdk.internal.reflect.DelegatingMethodAccessorImpl.invoke(DelegatingMethodAccessorImpl.java:43)
at java.base/java.lang.reflect.Method.invoke(Method.java:568)
at org.testng.internal.MethodInvocationHelper.invokeMethod(MethodInvocationHelper.java:133)
at org.testng.internal.TestInvoker.invokeMethod(TestInvoker.java:598)
at org.testng.internal.TestInvoker.invokeTestMethod(TestInvoker.java:173)
at org.testng.internal.MethodRunner.runInSequence(MethodRunner.java:46)
at org.testng.internal.TestInvoker$MethodInvocationAgent.invoke(TestInvoker.java:824)
at org.testng.internal.TestInvoker.invokeTestMethods(TestInvoker.java:146)
at org.testng.internal.TestMethodWorker.invokeTestMethods(TestMethodWorker.java:146)
at org.testng.internal.TestMethodWorker.run(TestMethodWorker.java:128)
at java.base/java.util.ArrayList.forEach(ArrayList.java:1511)
at org.testng.TestRunner.privateRun(TestRunner.java:794)
at org.testng.TestRunner.run(TestRunner.java:596)
at org.testng.SuiteRunner.runTest(SuiteRunner.java:377)
at org.testng.SuiteRunner.runSequentially(SuiteRunner.java:371)
at org.testng.SuiteRunner.privateRun(SuiteRunner.java:332)
at org.testng.SuiteRunner.run(SuiteRunner.java:276)
at org.testng.SuiteRunnerWorker.runSuite(SuiteRunnerWorker.java:53)
at org.testng.SuiteRunnerWorker.run(SuiteRunnerWorker.java:96)
at org.testng.TestNG.runSuitesSequentially(TestNG.java:1212)
at org.testng.TestNG.runSuitesLocally(TestNG.java:1134)
at org.testng.TestNG.runSuites(TestNG.java:1063)
at org.testng.TestNG.run(TestNG.java:1031)
at org.testng.remote.AbstractRemoteTestNG.run(AbstractRemoteTestNG.java:115)
at org.testng.remote.RemoteTestNG.initAndRun(RemoteTestNG.java:251)
at org.testng.remote.RemoteTestNG.main(RemoteTestNG.java:77)
]]>
    </error>
  </testcase> <!-- TC_021 -->
  <system-out/>
  <testcase classname="NewsappWeb.newsAppAndroidMobileTset" name="TC_025" time="1.520">
    <error message="An unknown server-side error occurred while processing the command. Original error: &#039;POST /element&#039; cannot be proxied to UiAutomator2 server because the instrumentation process is not running (probably crashed). Check the server log and/or the logcat output for more details
Build info: version: &#039;3.141.59&#039;, revision: &#039;e82be7d358&#039;, time: &#039;2018-11-14T08:17:03&#039;
System info: host: &#039;mounika&#039;, ip: &#039;127.0.1.1&#039;, os.name: &#039;Linux&#039;, os.arch: &#039;amd64&#039;, os.version: &#039;5.4.0-91-generic&#039;, java.version: &#039;17.0.1&#039;
Driver info: io.appium.java_client.android.AndroidDriver
Capabilities {Devicename: Nokia 3, Platformname: Android, Platformversion: 9, UDID: NE1GAM4791101518, appactivity: com.jaffar.today.activities..., apppackage: com.jaffar.news, databaseEnabled: false, desired: {Devicename: Nokia 3, Platformname: Android, Platformversion: 9, UDID: NE1GAM4791101518, appactivity: com.jaffar.today.activities..., apppackage: com.jaffar.news, platformName: android}, deviceApiLevel: 28, deviceManufacturer: HMD Global, deviceModel: TA-1032, deviceName: NE1GAM4791101518, deviceScreenDensity: 320, deviceScreenSize: 720x1280, deviceUDID: NE1GAM4791101518, javascriptEnabled: true, locationContextEnabled: false, networkConnectionEnabled: true, pixelRatio: 2, platform: LINUX, platformName: Android, platformVersion: 9, statBarHeight: 48, takesScreenshot: true, viewportRect: {height: 1232, left: 0, top: 48, width: 720}, warnings: {}, webStorageEnabled: false}
Session ID: b619723a-2354-48c1-a203-06df2b60806b
*** Element info: {Using=id, value=com.jaffar.news:id/share_img}" type="org.openqa.selenium.WebDriverException">
      <![CDATA[org.openqa.selenium.WebDriverException: An unknown server-side error occurred while processing the command. Original error: 'POST /element' cannot be proxied to UiAutomator2 server because the instrumentation process is not running (probably crashed). Check the server log and/or the logcat output for more details
Build info: version: '3.141.59', revision: 'e82be7d358', time: '2018-11-14T08:17:03'
System info: host: 'mounika', ip: '127.0.1.1', os.name: 'Linux', os.arch: 'amd64', os.version: '5.4.0-91-generic', java.version: '17.0.1'
Driver info: io.appium.java_client.android.AndroidDriver
Capabilities {Devicename: Nokia 3, Platformname: Android, Platformversion: 9, UDID: NE1GAM4791101518, appactivity: com.jaffar.today.activities..., apppackage: com.jaffar.news, databaseEnabled: false, desired: {Devicename: Nokia 3, Platformname: Android, Platformversion: 9, UDID: NE1GAM4791101518, appactivity: com.jaffar.today.activities..., apppackage: com.jaffar.news, platformName: android}, deviceApiLevel: 28, deviceManufacturer: HMD Global, deviceModel: TA-1032, deviceName: NE1GAM4791101518, deviceScreenDensity: 320, deviceScreenSize: 720x1280, deviceUDID: NE1GAM4791101518, javascriptEnabled: true, locationContextEnabled: false, networkConnectionEnabled: true, pixelRatio: 2, platform: LINUX, platformName: Android, platformVersion: 9, statBarHeight: 48, takesScreenshot: true, viewportRect: {height: 1232, left: 0, top: 48, width: 720}, warnings: {}, webStorageEnabled: false}
Session ID: b619723a-2354-48c1-a203-06df2b60806b
*** Element info: {Using=id, value=com.jaffar.news:id/share_img}
at java.base/jdk.internal.reflect.NativeConstructorAccessorImpl.newInstance0(Native Method)
at java.base/jdk.internal.reflect.NativeConstructorAccessorImpl.newInstance(NativeConstructorAccessorImpl.java:77)
at java.base/jdk.internal.reflect.DelegatingConstructorAccessorImpl.newInstance(DelegatingConstructorAccessorImpl.java:45)
at java.base/java.lang.reflect.Constructor.newInstanceWithCaller(Constructor.java:499)
at java.base/java.lang.reflect.Constructor.newInstance(Constructor.java:480)
at org.openqa.selenium.remote.http.W3CHttpResponseCodec.createException(W3CHttpResponseCodec.java:187)
at org.openqa.selenium.remote.http.W3CHttpResponseCodec.decode(W3CHttpResponseCodec.java:122)
at org.openqa.selenium.remote.http.W3CHttpResponseCodec.decode(W3CHttpResponseCodec.java:49)
at org.openqa.selenium.remote.HttpCommandExecutor.execute(HttpCommandExecutor.java:158)
at io.appium.java_client.remote.AppiumCommandExecutor.execute(AppiumCommandExecutor.java:250)
at org.openqa.selenium.remote.RemoteWebDriver.execute(RemoteWebDriver.java:552)
at io.appium.java_client.DefaultGenericMobileDriver.execute(DefaultGenericMobileDriver.java:41)
at io.appium.java_client.AppiumDriver.execute(AppiumDriver.java:1)
at io.appium.java_client.android.AndroidDriver.execute(AndroidDriver.java:1)
at org.openqa.selenium.remote.RemoteWebDriver.findElement(RemoteWebDriver.java:323)
at io.appium.java_client.DefaultGenericMobileDriver.findElement(DefaultGenericMobileDriver.java:61)
at io.appium.java_client.AppiumDriver.findElement(AppiumDriver.java:1)
at io.appium.java_client.android.AndroidDriver.findElement(AndroidDriver.java:1)
at org.openqa.selenium.remote.RemoteWebDriver.findElementById(RemoteWebDriver.java:372)
at io.appium.java_client.DefaultGenericMobileDriver.findElementById(DefaultGenericMobileDriver.java:69)
at io.appium.java_client.AppiumDriver.findElementById(AppiumDriver.java:1)
at io.appium.java_client.android.AndroidDriver.findElementById(AndroidDriver.java:1)
at NewsappWeb.newsAppAndroidMobileTset.TC_025(newsAppAndroidMobileTset.java:982)
at java.base/jdk.internal.reflect.NativeMethodAccessorImpl.invoke0(Native Method)
at java.base/jdk.internal.reflect.NativeMethodAccessorImpl.invoke(NativeMethodAccessorImpl.java:77)
at java.base/jdk.internal.reflect.DelegatingMethodAccessorImpl.invoke(DelegatingMethodAccessorImpl.java:43)
at java.base/java.lang.reflect.Method.invoke(Method.java:568)
at org.testng.internal.MethodInvocationHelper.invokeMethod(MethodInvocationHelper.java:133)
at org.testng.internal.TestInvoker.invokeMethod(TestInvoker.java:598)
at org.testng.internal.TestInvoker.invokeTestMethod(TestInvoker.java:173)
at org.testng.internal.MethodRunner.runInSequence(MethodRunner.java:46)
at org.testng.internal.TestInvoker$MethodInvocationAgent.invoke(TestInvoker.java:824)
at org.testng.internal.TestInvoker.invokeTestMethods(TestInvoker.java:146)
at org.testng.internal.TestMethodWorker.invokeTestMethods(TestMethodWorker.java:146)
at org.testng.internal.TestMethodWorker.run(TestMethodWorker.java:128)
at java.base/java.util.ArrayList.forEach(ArrayList.java:1511)
at org.testng.TestRunner.privateRun(TestRunner.java:794)
at org.testng.TestRunner.run(TestRunner.java:596)
at org.testng.SuiteRunner.runTest(SuiteRunner.java:377)
at org.testng.SuiteRunner.runSequentially(SuiteRunner.java:371)
at org.testng.SuiteRunner.privateRun(SuiteRunner.java:332)
at org.testng.SuiteRunner.run(SuiteRunner.java:276)
at org.testng.SuiteRunnerWorker.runSuite(SuiteRunnerWorker.java:53)
at org.testng.SuiteRunnerWorker.run(SuiteRunnerWorker.java:96)
at org.testng.TestNG.runSuitesSequentially(TestNG.java:1212)
at org.testng.TestNG.runSuitesLocally(TestNG.java:1134)
at org.testng.TestNG.runSuites(TestNG.java:1063)
at org.testng.TestNG.run(TestNG.java:1031)
at org.testng.remote.AbstractRemoteTestNG.run(AbstractRemoteTestNG.java:115)
at org.testng.remote.RemoteTestNG.initAndRun(RemoteTestNG.java:251)
at org.testng.remote.RemoteTestNG.main(RemoteTestNG.java:77)
]]>
    </error>
  </testcase> <!-- TC_025 -->
  <system-out/>
  <testcase classname="NewsappWeb.newsAppAndroidMobileTset" name="TC_031" time="1.509">
    <error message="An unknown server-side error occurred while processing the command. Original error: &#039;POST /element&#039; cannot be proxied to UiAutomator2 server because the instrumentation process is not running (probably crashed). Check the server log and/or the logcat output for more details
Build info: version: &#039;3.141.59&#039;, revision: &#039;e82be7d358&#039;, time: &#039;2018-11-14T08:17:03&#039;
System info: host: &#039;mounika&#039;, ip: &#039;127.0.1.1&#039;, os.name: &#039;Linux&#039;, os.arch: &#039;amd64&#039;, os.version: &#039;5.4.0-91-generic&#039;, java.version: &#039;17.0.1&#039;
Driver info: io.appium.java_client.android.AndroidDriver
Capabilities {Devicename: Nokia 3, Platformname: Android, Platformversion: 9, UDID: NE1GAM4791101518, appactivity: com.jaffar.today.activities..., apppackage: com.jaffar.news, databaseEnabled: false, desired: {Devicename: Nokia 3, Platformname: Android, Platformversion: 9, UDID: NE1GAM4791101518, appactivity: com.jaffar.today.activities..., apppackage: com.jaffar.news, platformName: android}, deviceApiLevel: 28, deviceManufacturer: HMD Global, deviceModel: TA-1032, deviceName: NE1GAM4791101518, deviceScreenDensity: 320, deviceScreenSize: 720x1280, deviceUDID: NE1GAM4791101518, javascriptEnabled: true, locationContextEnabled: false, networkConnectionEnabled: true, pixelRatio: 2, platform: LINUX, platformName: Android, platformVersion: 9, statBarHeight: 48, takesScreenshot: true, viewportRect: {height: 1232, left: 0, top: 48, width: 720}, warnings: {}, webStorageEnabled: false}
Session ID: b619723a-2354-48c1-a203-06df2b60806b
*** Element info: {Using=id, value=com.jaffar.news:id/back}" type="org.openqa.selenium.WebDriverException">
      <![CDATA[org.openqa.selenium.WebDriverException: An unknown server-side error occurred while processing the command. Original error: 'POST /element' cannot be proxied to UiAutomator2 server because the instrumentation process is not running (probably crashed). Check the server log and/or the logcat output for more details
Build info: version: '3.141.59', revision: 'e82be7d358', time: '2018-11-14T08:17:03'
System info: host: 'mounika', ip: '127.0.1.1', os.name: 'Linux', os.arch: 'amd64', os.version: '5.4.0-91-generic', java.version: '17.0.1'
Driver info: io.appium.java_client.android.AndroidDriver
Capabilities {Devicename: Nokia 3, Platformname: Android, Platformversion: 9, UDID: NE1GAM4791101518, appactivity: com.jaffar.today.activities..., apppackage: com.jaffar.news, databaseEnabled: false, desired: {Devicename: Nokia 3, Platformname: Android, Platformversion: 9, UDID: NE1GAM4791101518, appactivity: com.jaffar.today.activities..., apppackage: com.jaffar.news, platformName: android}, deviceApiLevel: 28, deviceManufacturer: HMD Global, deviceModel: TA-1032, deviceName: NE1GAM4791101518, deviceScreenDensity: 320, deviceScreenSize: 720x1280, deviceUDID: NE1GAM4791101518, javascriptEnabled: true, locationContextEnabled: false, networkConnectionEnabled: true, pixelRatio: 2, platform: LINUX, platformName: Android, platformVersion: 9, statBarHeight: 48, takesScreenshot: true, viewportRect: {height: 1232, left: 0, top: 48, width: 720}, warnings: {}, webStorageEnabled: false}
Session ID: b619723a-2354-48c1-a203-06df2b60806b
*** Element info: {Using=id, value=com.jaffar.news:id/back}
at jdk.internal.reflect.GeneratedConstructorAccessor27.newInstance(Unknown Source)
at java.base/jdk.internal.reflect.DelegatingConstructorAccessorImpl.newInstance(DelegatingConstructorAccessorImpl.java:45)
at java.base/java.lang.reflect.Constructor.newInstanceWithCaller(Constructor.java:499)
at java.base/java.lang.reflect.Constructor.newInstance(Constructor.java:480)
at org.openqa.selenium.remote.http.W3CHttpResponseCodec.createException(W3CHttpResponseCodec.java:187)
at org.openqa.selenium.remote.http.W3CHttpResponseCodec.decode(W3CHttpResponseCodec.java:122)
at org.openqa.selenium.remote.http.W3CHttpResponseCodec.decode(W3CHttpResponseCodec.java:49)
at org.openqa.selenium.remote.HttpCommandExecutor.execute(HttpCommandExecutor.java:158)
at io.appium.java_client.remote.AppiumCommandExecutor.execute(AppiumCommandExecutor.java:250)
at org.openqa.selenium.remote.RemoteWebDriver.execute(RemoteWebDriver.java:552)
at io.appium.java_client.DefaultGenericMobileDriver.execute(DefaultGenericMobileDriver.java:41)
at io.appium.java_client.AppiumDriver.execute(AppiumDriver.java:1)
at io.appium.java_client.android.AndroidDriver.execute(AndroidDriver.java:1)
at org.openqa.selenium.remote.RemoteWebDriver.findElement(RemoteWebDriver.java:323)
at io.appium.java_client.DefaultGenericMobileDriver.findElement(DefaultGenericMobileDriver.java:61)
at io.appium.java_client.AppiumDriver.findElement(AppiumDriver.java:1)
[...]
System info: host: 'mounika', ip: '127.0.1.1', os.name: 'Linux', os.arch: 'amd64', os.version: '5.4.0-91-generic', java.version: '17.0.1'
Driver info: io.appium.java_client.android.AndroidDriver
Capabilities {Devicename: Nokia 3, Platformname: Android, Platformversion: 9, UDID: NE1GAM4791101518, appactivity: com.jaffar.today.activities..., apppackage: com.jaffar.news, databaseEnabled: false, desired: {Devicename: Nokia 3, Platformname: Android, Platformversion: 9, UDID: NE1GAM4791101518, appactivity: com.jaffar.today.activities..., apppackage: com.jaffar.news, platformName: android}, deviceApiLevel: 28, deviceManufacturer: HMD Global, deviceModel: TA-1032, deviceName: NE1GAM4791101518, deviceScreenDensity: 320, deviceScreenSize: 720x1280, deviceUDID: NE1GAM4791101518, javascriptEnabled: true, locationContextEnabled: false, networkConnectionEnabled: true, pixelRatio: 2, platform: LINUX, platformName: Android, platformVersion: 9, statBarHeight: 48, takesScreenshot: true, viewportRect: {height: 1232, left: 0, top: 48, width: 720}, warnings: {}, webStorageEnabled: false}
Session ID: b619723a-2354-48c1-a203-06df2b60806b
*** Element info: {Using=id, value=com.jaffar.news:id/close_img}
at java.base/jdk.internal.reflect.NativeConstructorAccessorImpl.newInstance0(Native Method)
at java.base/jdk.internal.reflect.NativeConstructorAccessorImpl.newInstance(NativeConstructorAccessorImpl.java:77)
at java.base/jdk.internal.reflect.DelegatingConstructorAccessorImpl.newInstance(DelegatingConstructorAccessorImpl.java:45)
at java.base/java.lang.reflect.Constructor.newInstanceWithCaller(Constructor.java:499)
at java.base/java.lang.reflect.Constructor.newInstance(Constructor.java:480)
at org.openqa.selenium.remote.http.W3CHttpResponseCodec.createException(W3CHttpResponseCodec.java:187)
at org.openqa.selenium.remote.http.W3CHttpResponseCodec.decode(W3CHttpResponseCodec.java:122)
at org.openqa.selenium.remote.http.W3CHttpResponseCodec.decode(W3CHttpResponseCodec.java:49)
at org.openqa.selenium.remote.HttpCommandExecutor.execute(HttpCommandExecutor.java:158)
at io.appium.java_client.remote.AppiumCommandExecutor.execute(AppiumCommandExecutor.java:250)
at org.openqa.selenium.remote.RemoteWebDriver.execute(RemoteWebDriver.java:552)
at io.appium.java_client.DefaultGenericMobileDriver.execute(DefaultGenericMobileDriver.java:41)
at io.appium.java_client.AppiumDriver.execute(AppiumDriver.java:1)
at io.appium.java_client.android.AndroidDriver.execute(AndroidDriver.java:1)
at org.openqa.selenium.remote.RemoteWebDriver.findElement(RemoteWebDriver.java:323)
at io.appium.java_client.DefaultGenericMobileDriver.findElement(DefaultGenericMobileDriver.java:61)
at io.appium.java_client.AppiumDriver.findElement(AppiumDriver.java:1)
at io.appium.java_client.android.AndroidDriver.findElement(AndroidDriver.java:1)
at org.openqa.selenium.remote.RemoteWebDriver.findElementById(RemoteWebDriver.java:372)
at io.appium.java_client.DefaultGenericMobileDriver.findElementById(DefaultGenericMobileDriver.java:69)
at io.appium.java_client.AppiumDriver.findElementById(AppiumDriver.java:1)
at io.appium.java_client.android.AndroidDriver.findElementById(AndroidDriver.java:1)
at NewsappWeb.newsAppAndroidMobileTset.TC_014(newsAppAndroidMobileTset.java:631)
at java.base/jdk.internal.reflect.NativeMethodAccessorImpl.invoke0(Native Method)
at java.base/jdk.internal.reflect.NativeMethodAccessorImpl.invoke(NativeMethodAccessorImpl.java:77)
at java.base/jdk.internal.reflect.DelegatingMethodAccessorImpl.invoke(DelegatingMethodAccessorImpl.java:43)
at java.base/java.lang.reflect.Method.invoke(Method.java:568)
at org.testng.internal.MethodInvocationHelper.invokeMethod(MethodInvocationHelper.java:133)
at org.testng.internal.TestInvoker.invokeMethod(TestInvoker.java:598)
at org.testng.internal.TestInvoker.invokeTestMethod(TestInvoker.java:173)
at org.testng.internal.MethodRunner.runInSequence(MethodRunner.java:46)
at org.testng.internal.TestInvoker$MethodInvocationAgent.invoke(TestInvoker.java:824)
at org.testng.internal.TestInvoker.invokeTestMethods(TestInvoker.java:146)
at org.testng.internal.TestMethodWorker.invokeTestMethods(TestMethodWorker.java:146)
at org.testng.internal.TestMethodWorker.run(TestMethodWorker.java:128)
at java.base/java.util.ArrayList.forEach(ArrayList.java:1511)
at org.testng.TestRunner.privateRun(TestRunner.java:794)
at org.testng.TestRunner.run(TestRunner.java:596)
at org.testng.SuiteRunner.runTest(SuiteRunner.java:377)
at org.testng.SuiteRunner.runSequentially(SuiteRunner.java:371)
at org.testng.SuiteRunner.privateRun(SuiteRunner.java:332)
at org.testng.SuiteRunner.run(SuiteRunner.java:276)
at org.testng.SuiteRunnerWorker.runSuite(SuiteRunnerWorker.java:53)
at org.testng.SuiteRunnerWorker.run(SuiteRunnerWorker.java:96)
at org.testng.TestNG.runSuitesSequentially(TestNG.java:1212)
at org.testng.TestNG.runSuitesLocally(TestNG.java:1134)
at org.testng.TestNG.runSuites(TestNG.java:1063)
at org.testng.TestNG.run(TestNG.java:1031)
at org.testng.remote.AbstractRemoteTestNG.run(AbstractRemoteTestNG.java:115)
at org.testng.remote.RemoteTestNG.initAndRun(RemoteTestNG.java:251)
at org.testng.remote.RemoteTestNG.main(RemoteTestNG.java:77)
]]>
    </error>
  </testcase> <!-- TC_014 -->
  <system-out/>
  <testcase classname="NewsappWeb.newsAppAndroidMobileTset" name="TC_032" time="1.517">
    <error message="An unknown server-side error occurred while processing the command. Original error: &#039;POST /element&#039; cannot be proxied to UiAutomator2 server because the instrumentation process is not running (probably crashed). Check the server log and/or the logcat output for more details
Build info: version: &#039;3.141.59&#039;, revision: &#039;e82be7d358&#039;, time: &#039;2018-11-14T08:17:03&#039;
System info: host: &#039;mounika&#039;, ip: &#039;127.0.1.1&#039;, os.name: &#039;Linux&#039;, os.arch: &#039;amd64&#039;, os.version: &#039;5.4.0-91-generic&#039;, java.version: &#039;17.0.1&#039;
Driver info: io.appium.java_client.android.AndroidDriver
Capabilities {Devicename: Nokia 3, Platformname: Android, Platformversion: 9, UDID: NE1GAM4791101518, appactivity: com.jaffar.today.activities..., apppackage: com.jaffar.news, databaseEnabled: false, desired: {Devicename: Nokia 3, Platformname: Android, Platformversion: 9, UDID: NE1GAM4791101518, appactivity: com.jaffar.today.activities..., apppackage: com.jaffar.news, platformName: android}, deviceApiLevel: 28, deviceManufacturer: HMD Global, deviceModel: TA-1032, deviceName: NE1GAM4791101518, deviceScreenDensity: 320, deviceScreenSize: 720x1280, deviceUDID: NE1GAM4791101518, javascriptEnabled: true, locationContextEnabled: false, networkConnectionEnabled: true, pixelRatio: 2, platform: LINUX, platformName: Android, platformVersion: 9, statBarHeight: 48, takesScreenshot: true, viewportRect: {height: 1232, left: 0, top: 48, width: 720}, warnings: {}, webStorageEnabled: false}
Session ID: b619723a-2354-48c1-a203-06df2b60806b
*** Element info: {Using=id, value=com.jaffar.news:id/back}" type="org.openqa.selenium.WebDriverException">
      <![CDATA[org.openqa.selenium.WebDriverException: An unknown server-side error occurred while processing the command. Original error: 'POST /element' cannot be proxied to UiAutomator2 server because the instrumentation process is not running (probably crashed). Check the server log and/or the logcat output for more details
Build info: version: '3.141.59', revision: 'e82be7d358', time: '2018-11-14T08:17:03'
System info: host: 'mounika', ip: '127.0.1.1', os.name: 'Linux', os.arch: 'amd64', os.version: '5.4.0-91-generic', java.version: '17.0.1'
Driver info: io.appium.java_client.android.AndroidDriver
Capabilities {Devicename: Nokia 3, Platformname: Android, Platformversion: 9, UDID: NE1GAM4791101518, appactivity: com.jaffar.today.activities..., apppackage: com.jaffar.news, databaseEnabled: false, desired: {Devicename: Nokia 3, Platformname: Android, Platformversion: 9, UDID: NE1GAM4791101518, appactivity: com.jaffar.today.activities..., apppackage: com.jaffar.news, platformName: android}, deviceApiLevel: 28, deviceManufacturer: HMD Global, deviceModel: TA-1032, deviceName: NE1GAM4791101518, deviceScreenDensity: 320, deviceScreenSize: 720x1280, deviceUDID: NE1GAM4791101518, javascriptEnabled: true, locationContextEnabled: false, networkConnectionEnabled: true, pixelRatio: 2, platform: LINUX, platformName: Android, platformVersion: 9, statBarHeight: 48, takesScreenshot: true, viewportRect: {height: 1232, left: 0, top: 48, width: 720}, warnings: {}, webStorageEnabled: false}
Session ID: b619723a-2354-48c1-a203-06df2b60806b
*** Element info: {Using=id, value=com.jaffar.news:id/back}
at jdk.internal.reflect.GeneratedConstructorAccessor27.newInstance(Unknown Source)
at java.base/jdk.internal.reflect.DelegatingConstructorAccessorImpl.newInstance(DelegatingConstructorAccessorImpl.java:45)
at java.base/java.lang.reflect.Constructor.newInstanceWithCaller(Constructor.java:499)
at java.base/java.lang.reflect.Constructor.newInstance(Constructor.java:480)
at org.openqa.selenium.remote.http.W3CHttpResponseCodec.createException(W3CHttpResponseCodec.java:187)
at org.openqa.selenium.remote.http.W3CHttpResponseCodec.decode(W3CHttpResponseCodec.java:122)
at org.openqa.selenium.remote.http.W3CHttpResponseCodec.decode(W3CHttpResponseCodec.java:49)
at org.openqa.selenium.remote.HttpCommandExecutor.execute(HttpCommandExecutor.java:158)
at io.appium.java_client.remote.AppiumCommandExecutor.execute(AppiumCommandExecutor.java:250)
at org.openqa.selenium.remote.RemoteWebDriver.execute(RemoteWebDriver.java:552)
at io.appium.java_client.DefaultGenericMobileDriver.execute(DefaultGenericMobileDriver.java:41)
at io.appium.java_client.AppiumDriver.execute(AppiumDriver.java:1)
at io.appium.java_client.android.AndroidDriver.execute(AndroidDriver.java:1)
at org.openqa.selenium.remote.RemoteWebDriver.findElement(RemoteWebDriver.java:323)
at io.appium.java_client.DefaultGenericMobileDriver.findElement(DefaultGenericMobileDriver.java:61)
at io.appium.java_client.AppiumDriver.findElement(AppiumDriver.java:1)
at io.appium.java_client.android.AndroidDriver.findElement(AndroidDriver.java:1)
at org.openqa.selenium.remote.RemoteWebDriver.findElementById(RemoteWebDriver.java:372)
at io.appium.java_client.DefaultGenericMobileDriver.findElementById(DefaultGenericMobileDriver.java:69)
at io.appium.java_client.AppiumDriver.findElementById(AppiumDriver.java:1)
at io.appium.java_client.android.AndroidDriver.findElementById(AndroidDriver.java:1)
at NewsappWeb.newsAppAndroidMobileTset.TC_032(newsAppAndroidMobileTset.java:1578)
at java.base/jdk.internal.reflect.NativeMethodAccessorImpl.invoke0(Native Method)
at java.base/jdk.internal.reflect.NativeMethodAccessorImpl.invoke(NativeMethodAccessorImpl.java:77)
at java.base/jdk.internal.reflect.DelegatingMethodAccessorImpl.invoke(DelegatingMethodAccessorImpl.java:43)
at java.base/java.lang.reflect.Method.invoke(Method.java:568)
at org.testng.internal.MethodInvocationHelper.invokeMethod(MethodInvocationHelper.java:133)
at org.testng.internal.TestInvoker.invokeMethod(TestInvoker.java:598)
at org.testng.internal.TestInvoker.invokeTestMethod(TestInvoker.java:173)
at org.testng.internal.MethodRunner.runInSequence(MethodRunner.java:46)
at org.testng.internal.TestInvoker$MethodInvocationAgent.invoke(TestInvoker.java:824)
at org.testng.internal.TestInvoker.invokeTestMethods(TestInvoker.java:146)
at org.testng.internal.TestMethodWorker.invokeTestMethods(TestMethodWorker.java:146)
at org.testng.internal.TestMethodWorker.run(TestMethodWorker.java:128)
at java.base/java.util.ArrayList.forEach(ArrayList.java:1511)
at org.testng.TestRunner.privateRun(TestRunner.java:794)
at org.testng.TestRunner.run(TestRunner.java:596)
at org.testng.SuiteRunner.runTest(SuiteRunner.java:377)
at org.testng.SuiteRunner.runSequentially(SuiteRunner.java:371)
at org.testng.SuiteRunner.privateRun(SuiteRunner.java:332)
at org.testng.SuiteRunner.run(SuiteRunner.java:276)
at org.testng.SuiteRunnerWorker.runSuite(SuiteRunnerWorker.java:53)
at org.testng.SuiteRunnerWorker.run(SuiteRunnerWorker.java:96)
at org.testng.TestNG.runSuitesSequentially(TestNG.java:1212)
at org.testng.TestNG.runSuitesLocally(TestNG.java:1134)
at org.testng.TestNG.runSuites(TestNG.java:1063)
at org.testng.TestNG.run(TestNG.java:1031)
at org.testng.remote.AbstractRemoteTestNG.run(AbstractRemoteTestNG.java:115)
at org.testng.remote.RemoteTestNG.initAndRun(RemoteTestNG.java:251)
at org.testng.remote.RemoteTestNG.main(RemoteTestNG.java:77)
]]>
    </error>
  </testcase> <!-- TC_032 -->
  <system-out/>
  <testcase classname="NewsappWeb.newsAppAndroidMobileTset" name="TC_030" time="1.508">
    <error message="An unknown server-side error occurred while processing the command. Original error: &#039;POST /element&#039; cannot be proxied to UiAutomator2 server because the instrumentation process is not running (probably crashed). Check the server log and/or the logcat output for more details
Build info: version: &#039;3.141.59&#039;, revision: &#039;e82be7d358&#039;, time: &#039;2018-11-14T08:17:03&#039;
System info: host: &#039;mounika&#039;, ip: &#039;127.0.1.1&#039;, os.name: &#039;Linux&#039;, os.arch: &#039;amd64&#039;, os.version: &#039;5.4.0-91-generic&#039;, java.version: &#039;17.0.1&#039;
Driver info: io.appium.java_client.android.AndroidDriver
Capabilities {Devicename: Nokia 3, Platformname: Android, Platformversion: 9, UDID: NE1GAM4791101518, appactivity: com.jaffar.today.activities..., apppackage: com.jaffar.news, databaseEnabled: false, desired: {Devicename: Nokia 3, Platformname: Android, Platformversion: 9, UDID: NE1GAM4791101518, appactivity: com.jaffar.today.activities..., apppackage: com.jaffar.news, platformName: android}, deviceApiLevel: 28, deviceManufacturer: HMD Global, deviceModel: TA-1032, deviceName: NE1GAM4791101518, deviceScreenDensity: 320, deviceScreenSize: 720x1280, deviceUDID: NE1GAM4791101518, javascriptEnabled: true, locationContextEnabled: false, networkConnectionEnabled: true, pixelRatio: 2, platform: LINUX, platformName: Android, platformVersion: 9, statBarHeight: 48, takesScreenshot: true, viewportRect: {height: 1232, left: 0, top: 48, width: 720}, warnings: {}, webStorageEnabled: false}
Session ID: b619723a-2354-48c1-a203-06df2b60806b
*** Element info: {Using=id, value=com.jaffar.news:id/back}" type="org.openqa.selenium.WebDriverException">
      <![CDATA[org.openqa.selenium.WebDriverException: An unknown server-side error occurred while processing the command. Original error: 'POST /element' cannot be proxied to UiAutomator2 server because the instrumentation process is not running (probably crashed). Check the server log and/or the logcat output for more details
Build info: version: '3.141.59', revision: 'e82be7d358', time: '2018-11-14T08:17:03'
System info: host: 'mounika', ip: '127.0.1.1', os.name: 'Linux', os.arch: 'amd64', os.version: '5.4.0-91-generic', java.version: '17.0.1'
Driver info: io.appium.java_client.android.AndroidDriver
Capabilities {Devicename: Nokia 3, Platformname: Android, Platformversion: 9, UDID: NE1GAM4791101518, appactivity: com.jaffar.today.activities..., apppackage: com.jaffar.news, databaseEnabled: false, desired: {Devicename: Nokia 3, Platformname: Android, Platformversion: 9, UDID: NE1GAM4791101518, appactivity: com.jaffar.today.activities..., apppackage: com.jaffar.news, platformName: android}, deviceApiLevel: 28, deviceManufacturer: HMD Global, deviceModel: TA-1032, deviceName: NE1GAM4791101518, deviceScreenDensity: 320, deviceScreenSize: 720x1280, deviceUDID: NE1GAM4791101518, javascriptEnabled: true, locationContextEnabled: false, networkConnectionEnabled: true, pixelRatio: 2, platform: LINUX, platformName: Android, platformVersion: 9, statBarHeight: 48, takesScreenshot: true, viewportRect: {height: 1232, left: 0, top: 48, width: 720}, warnings: {}, webStorageEnabled: false}
Session ID: b619723a-2354-48c1-a203-06df2b60806b
*** Element info: {Using=id, value=com.jaffar.news:id/back}
at jdk.internal.reflect.GeneratedConstructorAccessor27.newInstance(Unknown Source)
at java.base/jdk.internal.reflect.DelegatingConstructorAccessorImpl.newInstance(DelegatingConstructorAccessorImpl.java:45)
at java.base/java.lang.reflect.Constructor.newInstanceWithCaller(Constructor.java:499)
at java.base/java.lang.reflect.Constructor.newInstance(Constructor.java:480)
at org.openqa.selenium.remote.http.W3CHttpResponseCodec.createException(W3CHttpResponseCodec.java:187)
at org.openqa.selenium.remote.http.W3CHttpResponseCodec.decode(W3CHttpResponseCodec.java:122)
at org.openqa.selenium.remote.http.W3CHttpResponseCodec.decode(W3CHttpResponseCodec.java:49)
at org.openqa.selenium.remote.HttpCommandExecutor.execute(HttpCommandExecutor.java:158)
at io.appium.java_client.remote.AppiumCommandExecutor.execute(AppiumCommandExecutor.java:250)
at org.openqa.selenium.remote.RemoteWebDriver.execute(RemoteWebDriver.java:552)
at io.appium.java_client.DefaultGenericMobileDriver.execute(DefaultGenericMobileDriver.java:41)
at io.appium.java_client.AppiumDriver.execute(AppiumDriver.java:1)
at io.appium.java_client.android.AndroidDriver.execute(AndroidDriver.java:1)
at org.openqa.selenium.remote.RemoteWebDriver.findElement(RemoteWebDriver.java:323)
at io.appium.java_client.DefaultGenericMobileDriver.findElement(DefaultGenericMobileDriver.java:61)
at io.appium.java_client.AppiumDriver.findElement(AppiumDriver.java:1)
at io.appium.java_client.android.AndroidDriver.findElement(AndroidDriver.java:1)
at org.openqa.selenium.remote.RemoteWebDriver.findElementById(RemoteWebDriver.java:372)
at io.appium.java_client.DefaultGenericMobileDriver.findElementById(DefaultGenericMobileDriver.java:69)
at io.appium.java_client.AppiumDriver.findElementById(AppiumDriver.java:1)
at io.appium.java_client.android.AndroidDriver.findElementById(AndroidDriver.java:1)
at NewsappWeb.newsAppAndroidMobileTset.TC_030(newsAppAndroidMobileTset.java:1338)
at java.base/jdk.internal.reflect.NativeMethodAccessorImpl.invoke0(Native Method)
at java.base/jdk.internal.reflect.NativeMethodAccessorImpl.invoke(NativeMethodAccessorImpl.java:77)
at java.base/jdk.internal.reflect.DelegatingMethodAccessorImpl.invoke(DelegatingMethodAccessorImpl.java:43)
at java.base/java.lang.reflect.Method.invoke(Method.java:568)
at org.testng.internal.MethodInvocationHelper.invokeMethod(MethodInvocationHelper.java:133)
at org.testng.internal.TestInvoker.invokeMethod(TestInvoker.java:598)
at org.testng.internal.TestInvoker.invokeTestMethod(TestInvoker.java:173)
at org.testng.internal.MethodRunner.runInSequence(MethodRunner.java:46)
at org.testng.internal.TestInvoker$MethodInvocationAgent.invoke(TestInvoker.java:824)
at org.testng.internal.TestInvoker.invokeTestMethods(TestInvoker.java:146)
at org.testng.internal.TestMethodWorker.invokeTestMethods(TestMethodWorker.java:146)
at org.testng.internal.TestMethodWorker.run(TestMethodWorker.java:128)
at java.base/java.util.ArrayList.forEach(ArrayList.java:1511)
at org.testng.TestRunner.privateRun(TestRunner.java:794)
at org.testng.TestRunner.run(TestRunner.java:596)
at org.testng.SuiteRunner.runTest(SuiteRunner.java:377)
at org.testng.SuiteRunner.runSequentially(SuiteRunner.java:371)
at org.testng.SuiteRunner.privateRun(SuiteRunner.java:332)
at org.testng.SuiteRunner.run(SuiteRunner.java:276)
at org.testng.SuiteRunnerWorker.runSuite(SuiteRunnerWorker.java:53)
at org.testng.SuiteRunnerWorker.run(SuiteRunnerWorker.java:96)
at org.testng.TestNG.runSuitesSequentially(TestNG.java:1212)
at org.testng.TestNG.runSuitesLocally(TestNG.java:1134)
at org.testng.TestNG.runSuites(TestNG.java:1063)
at org.testng.TestNG.run(TestNG.java:1031)
at org.testng.remote.AbstractRemoteTestNG.run(AbstractRemoteTestNG.java:115)
at org.testng.remote.RemoteTestNG.initAndRun(RemoteTestNG.java:251)
at org.testng.remote.RemoteTestNG.main(RemoteTestNG.java:77)
]]>
    </error>
  </testcase> <!-- TC_030 -->
  <system-out/>
</testsuite> <!-- NewsappWeb.newsAppAndroidMobileTset -->
